#
# There is insufficient memory for the Java Runtime Environment to continue.
# Native memory allocation (malloc) failed to allocate 779856 bytes for Chunk::new
# Possible reasons:
#   The system is out of physical RAM or swap space
#   In 32 bit mode, the process size limit was hit
# Possible solutions:
#   Reduce memory load on the system
#   Increase physical memory or swap space
#   Check if swap backing store is full
#   Use 64 bit Java on a 64 bit OS
#   Decrease Java heap size (-Xmx/-Xms)
#   Decrease number of Java threads
#   Decrease Java thread stack sizes (-Xss)
#   Set larger code cache with -XX:ReservedCodeCacheSize=
# This output file may be truncated or incomplete.
#
#  Out of Memory Error (allocation.cpp:390), pid=11892, tid=0x0000000000002cac
#
# JRE version: Java(TM) SE Runtime Environment (8.0_121-b13) (build 1.8.0_121-b13)
# Java VM: Java HotSpot(TM) 64-Bit Server VM (25.121-b13 mixed mode windows-amd64 compressed oops)
# Failed to write core dump. Minidumps are not enabled by default on client versions of Windows
#

---------------  T H R E A D  ---------------

Current thread (0x0000000014aa2000):  JavaThread "C2 CompilerThread1" daemon [_thread_in_native, id=11436, stack(0x0000000016200000,0x0000000016300000)]

Stack: [0x0000000016200000,0x0000000016300000]
[error occurred during error reporting (printing stack bounds), id 0xc0000005]

Native frames: (J=compiled Java code, j=interpreted, Vv=VM code, C=native code)


Current CompileTask:
C2:   3117 1048   !   4       com.android.dx.cf.code.BytecodeArray::parseInstruction (2764 bytes)


---------------  P R O C E S S  ---------------

Java Threads: ( => current thread )
  0x0000000016672800 JavaThread "pool-2-thread-4" [_thread_in_Java, id=4464, stack(0x0000000016e00000,0x0000000016f00000)]
  0x0000000016579000 JavaThread "pool-2-thread-3" [_thread_in_Java, id=5920, stack(0x0000000016d00000,0x0000000016e00000)]
  0x0000000016560800 JavaThread "pool-2-thread-2" [_thread_in_Java, id=2668, stack(0x0000000016c00000,0x0000000016d00000)]
  0x0000000016564000 JavaThread "pool-3-thread-1" [_thread_blocked, id=8764, stack(0x0000000016b00000,0x0000000016c00000)]
  0x0000000016557000 JavaThread "pool-2-thread-1" [_thread_in_Java, id=9620, stack(0x0000000016a00000,0x0000000016b00000)]
  0x0000000016428800 JavaThread "Service Thread" daemon [_thread_blocked, id=5828, stack(0x0000000016800000,0x0000000016900000)]
  0x0000000014aa5000 JavaThread "C1 CompilerThread2" daemon [_thread_in_native, id=8704, stack(0x0000000016300000,0x0000000016400000)]
=>0x0000000014aa2000 JavaThread "C2 CompilerThread1" daemon [_thread_in_native, id=11436, stack(0x0000000016200000,0x0000000016300000)]
  0x0000000014a9f000 JavaThread "C2 CompilerThread0" daemon [_thread_in_native, id=2296, stack(0x0000000016100000,0x0000000016200000)]
  0x0000000014a9e000 JavaThread "Attach Listener" daemon [_thread_blocked, id=11468, stack(0x0000000016000000,0x0000000016100000)]
  0x0000000014a9d000 JavaThread "Signal Dispatcher" daemon [_thread_blocked, id=1452, stack(0x0000000015f00000,0x0000000016000000)]
  0x00000000023cb800 JavaThread "Finalizer" daemon [_thread_blocked, id=5260, stack(0x0000000015d10000,0x0000000015e10000)]
  0x0000000014a69000 JavaThread "Reference Handler" daemon [_thread_blocked, id=5380, stack(0x0000000015c10000,0x0000000015d10000)]
  0x00000000022d0800 JavaThread "main" [_thread_in_Java, id=8144, stack(0x0000000002120000,0x0000000002220000)]

Other Threads:
  0x0000000014a66800 VMThread [stack: 0x0000000015b10000,0x0000000015c10000] [id=10224]
  0x0000000014afd800 WatcherThread [stack: 0x0000000016900000,0x0000000016a00000] [id=7564]

VM state:not at safepoint (normal execution)

VM Mutex/Monitor currently owned by a thread: None

Heap:
 PSYoungGen      total 35328K, used 16780K [0x00000000eab00000, 0x00000000ed000000, 0x0000000100000000)
  eden space 32768K, 43% used [0x00000000eab00000,0x00000000eb8e4a00,0x00000000ecb00000)
  from space 2560K, 99% used [0x00000000ecd80000,0x00000000ecffe700,0x00000000ed000000)
  to   space 2560K, 0% used [0x00000000ecb00000,0x00000000ecb00000,0x00000000ecd80000)
 ParOldGen       total 44032K, used 4712K [0x00000000c0000000, 0x00000000c2b00000, 0x00000000eab00000)
  object space 44032K, 10% used [0x00000000c0000000,0x00000000c049a0d0,0x00000000c2b00000)
 Metaspace       used 5890K, capacity 6900K, committed 7040K, reserved 1056768K
  class space    used 600K, capacity 620K, committed 640K, reserved 1048576K

Card table byte_map: [0x0000000011790000,0x00000000119a0000] byte_map_base: 0x0000000011190000

Marking Bits: (ParMarkBitMap*) 0x000000006934b6d0
 Begin Bits: [0x0000000011f00000, 0x0000000012f00000)
 End Bits:   [0x0000000012f00000, 0x0000000013f00000)

Polling page: 0x0000000000720000

CodeCache: size=245760Kb used=4684Kb max_used=4691Kb free=241075Kb
 bounds [0x00000000023d0000, 0x0000000002870000, 0x00000000113d0000]
 total_blobs=1463 nmethods=1201 adapters=175
 compilation: enabled

Compilation events (10 events):
Event: 3.083 Thread 0x0000000014aa5000 nmethod 1181 0x0000000002849310 code [0x0000000002849480, 0x0000000002849608]
Event: 3.084 Thread 0x0000000014aa5000 1162       2       com.android.dx.dex.file.Item::<init> (5 bytes)
Event: 3.084 Thread 0x0000000014aa5000 nmethod 1162 0x0000000002848fd0 code [0x0000000002849120, 0x0000000002849270]
Event: 3.084 Thread 0x0000000014aa5000 1182       2       com.android.dx.cf.iface.StdField::getConstantValue (28 bytes)
Event: 3.084 Thread 0x0000000014aa5000 nmethod 1182 0x0000000002848b10 code [0x0000000002848c80, 0x0000000002848e88]
Event: 3.084 Thread 0x0000000014aa5000 1167       2       com.android.dx.rop.type.Type::isUninitialized (13 bytes)
Event: 3.084 Thread 0x0000000014aa5000 nmethod 1167 0x00000000028487d0 code [0x0000000002848920, 0x0000000002848a90]
Event: 3.084 Thread 0x0000000014aa5000 1183       2       com.android.dx.dex.file.ClassDefItem::addStaticField (10 bytes)
Event: 3.085 Thread 0x0000000014aa5000 nmethod 1183 0x0000000002848410 code [0x0000000002848580, 0x00000000028486e8]
Event: 3.085 Thread 0x0000000014aa5000 1184       2       com.android.dx.dex.file.ClassDataItem::addStaticField (51 bytes)

GC Heap History (4 events):
Event: 0.572 GC heap before
{Heap before GC invocations=1 (full 0):
 PSYoungGen      total 18944K, used 16384K [0x00000000eab00000, 0x00000000ec000000, 0x0000000100000000)
  eden space 16384K, 100% used [0x00000000eab00000,0x00000000ebb00000,0x00000000ebb00000)
  from space 2560K, 0% used [0x00000000ebd80000,0x00000000ebd80000,0x00000000ec000000)
  to   space 2560K, 0% used [0x00000000ebb00000,0x00000000ebb00000,0x00000000ebd80000)
 ParOldGen       total 44032K, used 0K [0x00000000c0000000, 0x00000000c2b00000, 0x00000000eab00000)
  object space 44032K, 0% used [0x00000000c0000000,0x00000000c0000000,0x00000000c2b00000)
 Metaspace       used 5665K, capacity 6704K, committed 6784K, reserved 1056768K
  class space    used 591K, capacity 616K, committed 640K, reserved 1048576K
Event: 0.580 GC heap after
Heap after GC invocations=1 (full 0):
 PSYoungGen      total 18944K, used 2558K [0x00000000eab00000, 0x00000000ed000000, 0x0000000100000000)
  eden space 16384K, 0% used [0x00000000eab00000,0x00000000eab00000,0x00000000ebb00000)
  from space 2560K, 99% used [0x00000000ebb00000,0x00000000ebd7fae8,0x00000000ebd80000)
  to   space 2560K, 0% used [0x00000000ecd80000,0x00000000ecd80000,0x00000000ed000000)
 ParOldGen       total 44032K, used 1680K [0x00000000c0000000, 0x00000000c2b00000, 0x00000000eab00000)
  object space 44032K, 3% used [0x00000000c0000000,0x00000000c01a4368,0x00000000c2b00000)
 Metaspace       used 5665K, capacity 6704K, committed 6784K, reserved 1056768K
  class space    used 591K, capacity 616K, committed 640K, reserved 1048576K
}
Event: 0.905 GC heap before
{Heap before GC invocations=2 (full 0):
 PSYoungGen      total 18944K, used 18942K [0x00000000eab00000, 0x00000000ed000000, 0x0000000100000000)
  eden space 16384K, 100% used [0x00000000eab00000,0x00000000ebb00000,0x00000000ebb00000)
  from space 2560K, 99% used [0x00000000ebb00000,0x00000000ebd7fae8,0x00000000ebd80000)
  to   space 2560K, 0% used [0x00000000ecd80000,0x00000000ecd80000,0x00000000ed000000)
 ParOldGen       total 44032K, used 1680K [0x00000000c0000000, 0x00000000c2b00000, 0x00000000eab00000)
  object space 44032K, 3% used [0x00000000c0000000,0x00000000c01a4368,0x00000000c2b00000)
 Metaspace       used 5840K, capacity 6898K, committed 7040K, reserved 1056768K
  class space    used 597K, capacity 618K, committed 640K, reserved 1048576K
Event: 0.915 GC heap after
Heap after GC invocations=2 (full 0):
 PSYoungGen      total 35328K, used 2553K [0x00000000eab00000, 0x00000000ed000000, 0x0000000100000000)
  eden space 32768K, 0% used [0x00000000eab00000,0x00000000eab00000,0x00000000ecb00000)
  from space 2560K, 99% used [0x00000000ecd80000,0x00000000ecffe700,0x00000000ed000000)
  to   space 2560K, 0% used [0x00000000ecb00000,0x00000000ecb00000,0x00000000ecd80000)
 ParOldGen       total 44032K, used 4712K [0x00000000c0000000, 0x00000000c2b00000, 0x00000000eab00000)
  object space 44032K, 10% used [0x00000000c0000000,0x00000000c049a0d0,0x00000000c2b00000)
 Metaspace       used 5840K, capacity 6898K, committed 7040K, reserved 1056768K
  class space    used 597K, capacity 618K, committed 640K, reserved 1048576K
}

Deoptimization events (10 events):
Event: 0.824 Thread 0x0000000016560800 Uncommon trap: reason=class_check action=maybe_recompile pc=0x000000000268e938 method=com.android.dx.rop.type.Type.equals(Ljava/lang/Object;)Z @ 8
Event: 0.825 Thread 0x0000000016560800 Uncommon trap: reason=unstable_if action=reinterpret pc=0x0000000002746bc4 method=com.android.dx.cf.code.Ropper.labelToResultIndex(I)I @ 34
Event: 0.825 Thread 0x0000000016560800 Uncommon trap: reason=class_check action=maybe_recompile pc=0x000000000268e938 method=com.android.dx.rop.type.Type.equals(Ljava/lang/Object;)Z @ 8
Event: 0.830 Thread 0x0000000016560800 Uncommon trap: reason=class_check action=maybe_recompile pc=0x000000000268e938 method=com.android.dx.rop.type.Type.equals(Ljava/lang/Object;)Z @ 8
Event: 0.883 Thread 0x0000000016672800 Uncommon trap: reason=class_check action=maybe_recompile pc=0x000000000268e938 method=com.android.dx.rop.type.Type.equals(Ljava/lang/Object;)Z @ 8
Event: 1.042 Thread 0x0000000016579000 Uncommon trap: reason=unstable_if action=reinterpret pc=0x0000000002828248 method=com.android.dx.ssa.SsaRenamer$BlockRenamer.visitMoveInsn(Lcom/android/dx/ssa/NormalSsaInsn;)V @ 104
Event: 3.042 Thread 0x0000000016579000 Uncommon trap: reason=class_check action=maybe_recompile pc=0x00000000025fb030 method=com.android.dx.ssa.NormalSsaInsn.accept(Lcom/android/dx/ssa/SsaInsn$Visitor;)V @ 9
Event: 3.042 Thread 0x0000000016579000 Uncommon trap: reason=class_check action=maybe_recompile pc=0x00000000025fb030 method=com.android.dx.ssa.NormalSsaInsn.accept(Lcom/android/dx/ssa/SsaInsn$Visitor;)V @ 9
Event: 3.042 Thread 0x0000000016579000 Uncommon trap: reason=class_check action=maybe_recompile pc=0x00000000025fb030 method=com.android.dx.ssa.NormalSsaInsn.accept(Lcom/android/dx/ssa/SsaInsn$Visitor;)V @ 9
Event: 3.042 Thread 0x0000000016579000 Uncommon trap: reason=class_check action=maybe_recompile pc=0x00000000025fb030 method=com.android.dx.ssa.NormalSsaInsn.accept(Lcom/android/dx/ssa/SsaInsn$Visitor;)V @ 9

Internal exceptions (2 events):
Event: 0.037 Thread 0x00000000022d0800 Exception <a 'java/lang/NoSuchMethodError': Method sun.misc.Unsafe.defineClass(Ljava/lang/String;[BII)Ljava/lang/Class; name or signature does not match> (0x00000000eab07ca8) thrown at [C:\re\workspace\8-2-build-windows-amd64-cygwin\jdk8u121\8372\hotspot\
Event: 0.037 Thread 0x00000000022d0800 Exception <a 'java/lang/NoSuchMethodError': Method sun.misc.Unsafe.prefetchRead(Ljava/lang/Object;J)V name or signature does not match> (0x00000000eab07f90) thrown at [C:\re\workspace\8-2-build-windows-amd64-cygwin\jdk8u121\8372\hotspot\src\share\vm\prims

Events (10 events):
Event: 3.078 Thread 0x0000000016560800 DEOPT PACKING pc=0x000000000274c4fa sp=0x0000000016cfe980
Event: 3.078 Thread 0x0000000016560800 DEOPT UNPACKING pc=0x000000000241787f sp=0x0000000016cfe6e8 mode 0
Event: 3.080 Thread 0x0000000016560800 DEOPT PACKING pc=0x000000000274c4fa sp=0x0000000016cfe980
Event: 3.080 Thread 0x0000000016560800 DEOPT UNPACKING pc=0x000000000241787f sp=0x0000000016cfe6e8 mode 0
Event: 3.082 Thread 0x0000000016560800 DEOPT PACKING pc=0x000000000274c4fa sp=0x0000000016cfe980
Event: 3.082 Thread 0x0000000016560800 DEOPT UNPACKING pc=0x000000000241787f sp=0x0000000016cfe6e8 mode 0
Event: 3.084 Thread 0x0000000016560800 DEOPT PACKING pc=0x000000000274c4fa sp=0x0000000016cfe980
Event: 3.084 Thread 0x0000000016560800 DEOPT UNPACKING pc=0x000000000241787f sp=0x0000000016cfe6e8 mode 0
Event: 3.085 Thread 0x0000000016560800 DEOPT PACKING pc=0x000000000274c4fa sp=0x0000000016cfe980
Event: 3.085 Thread 0x0000000016560800 DEOPT UNPACKING pc=0x000000000241787f sp=0x0000000016cfe6e8 mode 0


Dynamic libraries:
0x00007ff775d00000 - 0x00007ff775d37000 	F:\Mine\java\JDK\bin\java.exe
0x00007ffecd640000 - 0x00007ffecd812000 	C:\Windows\SYSTEM32\ntdll.dll
0x00007ffecb2c0000 - 0x00007ffecb36c000 	C:\Windows\System32\KERNEL32.DLL
0x00007ffec9cc0000 - 0x00007ffec9edd000 	C:\Windows\System32\KERNELBASE.dll
0x00007ffecd450000 - 0x00007ffecd4f2000 	C:\Windows\System32\ADVAPI32.dll
0x00007ffecd3b0000 - 0x00007ffecd44e000 	C:\Windows\System32\msvcrt.dll
0x00007ffecb500000 - 0x00007ffecb559000 	C:\Windows\System32\sechost.dll
0x00007ffecb3d0000 - 0x00007ffecb4f1000 	C:\Windows\System32\RPCRT4.dll
0x00007ffecd240000 - 0x00007ffecd3a5000 	C:\Windows\System32\USER32.dll
0x00007ffeca890000 - 0x00007ffeca8ae000 	C:\Windows\System32\win32u.dll
0x00007ffecb0a0000 - 0x00007ffecb0d4000 	C:\Windows\System32\GDI32.dll
0x00007ffec9b40000 - 0x00007ffec9cc0000 	C:\Windows\System32\gdi32full.dll
0x00007ffebd1c0000 - 0x00007ffebd43a000 	C:\Windows\WinSxS\amd64_microsoft.windows.common-controls_6595b64144ccf1df_6.0.14393.953_none_42151e83c686086b\COMCTL32.dll
0x00007ffeccf70000 - 0x00007ffecd238000 	C:\Windows\System32\combase.dll
0x00007ffecaa20000 - 0x00007ffecab15000 	C:\Windows\System32\ucrtbase.dll
0x00007ffeca960000 - 0x00007ffeca9ca000 	C:\Windows\System32\bcryptPrimitives.dll
0x00007ffecabd0000 - 0x00007ffecabfe000 	C:\Windows\System32\IMM32.DLL
0x00007ffec97e0000 - 0x00007ffec98cb000 	C:\Windows\system32\guard64.dll
0x00007ffec97d0000 - 0x00007ffec97da000 	C:\Windows\system32\version.dll
0x00007ffecd500000 - 0x00007ffecd638000 	C:\Windows\System32\ole32.dll
0x00007ffec97c0000 - 0x00007ffec97ca000 	C:\Windows\system32\fltlib.dll
0x00007ffec9780000 - 0x00007ffec97b2000 	C:\Windows\SYSTEM32\ntmarta.dll
0x00000000693d0000 - 0x00000000694a2000 	F:\Mine\java\JDK\jre\bin\msvcr100.dll
0x0000000068b30000 - 0x00000000693cb000 	F:\Mine\java\JDK\jre\bin\server\jvm.dll
0x00007ffeccdc0000 - 0x00007ffeccdc8000 	C:\Windows\System32\PSAPI.DLL
0x00007ffebb330000 - 0x00007ffebb339000 	C:\Windows\SYSTEM32\WSOCK32.dll
0x00007ffecb7c0000 - 0x00007ffecb82a000 	C:\Windows\System32\WS2_32.dll
0x00007ffec76a0000 - 0x00007ffec76c3000 	C:\Windows\SYSTEM32\WINMM.dll
0x00007ffec7640000 - 0x00007ffec766b000 	C:\Windows\SYSTEM32\WINMMBASE.dll
0x00007ffeca9d0000 - 0x00007ffecaa12000 	C:\Windows\System32\cfgmgr32.dll
0x0000000068b20000 - 0x0000000068b2f000 	F:\Mine\java\JDK\jre\bin\verify.dll
0x0000000068af0000 - 0x0000000068b19000 	F:\Mine\java\JDK\jre\bin\java.dll
0x0000000068ad0000 - 0x0000000068ae6000 	F:\Mine\java\JDK\jre\bin\zip.dll
0x00007ffecb8b0000 - 0x00007ffeccdb8000 	C:\Windows\System32\SHELL32.dll
0x00007ffeca1b0000 - 0x00007ffeca888000 	C:\Windows\System32\windows.storage.dll
0x00007ffec9ac0000 - 0x00007ffec9b0c000 	C:\Windows\System32\powrprof.dll
0x00007ffecb370000 - 0x00007ffecb3c2000 	C:\Windows\System32\shlwapi.dll
0x00007ffec9b30000 - 0x00007ffec9b3f000 	C:\Windows\System32\kernel.appcore.dll
0x00007ffeca8b0000 - 0x00007ffeca959000 	C:\Windows\System32\shcore.dll
0x00007ffec9b10000 - 0x00007ffec9b24000 	C:\Windows\System32\profapi.dll

VM Arguments:
jvm_args: -Djava.awt.headless=true -Xmx1024M -Dfile.encoding=windows-1251 -Duser.country=RU -Duser.language=ru -Duser.variant 
java_command: com.android.dx.command.Main --dex --force-jumbo --num-threads=4 --multi-dex --output F:\Mine\java\projects\Graphik\MyGrafik\app\build\intermediates\transforms\dex\debug\folders\1000\5\slice_2 F:\Mine\java\projects\Graphik\MyGrafik\app\build\intermediates\transforms\instantRunSlicer\debug\folders\1\5\slice_2
java_class_path (initial): F:\Mine\java\SDK\build-tools\25.0.2\lib\dx.jar
Launcher Type: SUN_STANDARD

Environment Variables:
PATH=C:\ProgramData\Oracle\Java\javapath;C:\Windows\system32;C:\Windows;C:\Windows\System32\Wbem;C:\Windows\System32\WindowsPowerShell\v1.0\;C:\Program Files (x86)\Skype\Phone\;C:\Program Files (x86)\GtkSharp\2.12\bin;C:\Users\User\AppData\Local\Microsoft\WindowsApps;
USERNAME=User
OS=Windows_NT
PROCESSOR_IDENTIFIER=Intel64 Family 6 Model 61 Stepping 4, GenuineIntel



---------------  S Y S T E M  ---------------

OS: Windows 10.0 , 64 bit Build 14393 (10.0.14393.1198)

CPU:total 4 (2 cores per cpu, 2 threads per core) family 6 model 61 stepping 4, cmov, cx8, fxsr, mmx, sse, sse2, sse3, ssse3, sse4.1, sse4.2, popcnt, avx, avx2, aes, clmul, erms, 3dnowpref, lzcnt, ht, tsc, tscinvbit, bmi1, bmi2, adx

Memory: 4k page, physical 4107596k(689196k free), swap 5287244k(5556k free)

vm_info: Java HotSpot(TM) 64-Bit Server VM (25.121-b13) for windows-amd64 JRE (1.8.0_121-b13), built on Dec 12 2016 18:21:36 by "java_re" with MS VC++ 10.0 (VS2010)

time: Tue Nov 21 22:36:48 2017
elapsed time: 3 seconds (0d 0h 0m 3s)

