#
# There is insufficient memory for the Java Runtime Environment to continue.
# Native memory allocation (malloc) failed to allocate 208656 bytes for Chunk::new
# Possible reasons:
#   The system is out of physical RAM or swap space
#   In 32 bit mode, the process size limit was hit
# Possible solutions:
#   Reduce memory load on the system
#   Increase physical memory or swap space
#   Check if swap backing store is full
#   Use 64 bit Java on a 64 bit OS
#   Decrease Java heap size (-Xmx/-Xms)
#   Decrease number of Java threads
#   Decrease Java thread stack sizes (-Xss)
#   Set larger code cache with -XX:ReservedCodeCacheSize=
# This output file may be truncated or incomplete.
#
#  Out of Memory Error (allocation.cpp:390), pid=5024, tid=0x0000000000001bd0
#
# JRE version: Java(TM) SE Runtime Environment (8.0_121-b13) (build 1.8.0_121-b13)
# Java VM: Java HotSpot(TM) 64-Bit Server VM (25.121-b13 mixed mode windows-amd64 compressed oops)
# Failed to write core dump. Minidumps are not enabled by default on client versions of Windows
#

---------------  T H R E A D  ---------------

Current thread (0x0000000015421800):  JavaThread "C2 CompilerThread1" daemon [_thread_in_native, id=7120, stack(0x0000000016b90000,0x0000000016c90000)]

Stack: [0x0000000016b90000,0x0000000016c90000]
[error occurred during error reporting (printing stack bounds), id 0xc0000005]

Native frames: (J=compiled Java code, j=interpreted, Vv=VM code, C=native code)


Current CompileTask:
C2:  18391 1943       4       com.android.dx.dex.code.RopTranslator$LocalVariableAwareTranslationVisitor::visitPlainInsn (11 bytes)


---------------  P R O C E S S  ---------------

Java Threads: ( => current thread )
  0x0000000017081000 JavaThread "pool-1-thread-1" [_thread_blocked, id=4140, stack(0x000000001a030000,0x000000001a130000)]
  0x0000000016c9d000 JavaThread "Service Thread" daemon [_thread_blocked, id=3800, stack(0x0000000017190000,0x0000000017290000)]
  0x0000000016c98800 JavaThread "C1 CompilerThread2" daemon [_thread_in_vm, id=9076, stack(0x0000000017090000,0x0000000017190000)]
=>0x0000000015421800 JavaThread "C2 CompilerThread1" daemon [_thread_in_native, id=7120, stack(0x0000000016b90000,0x0000000016c90000)]
  0x000000001541e800 JavaThread "C2 CompilerThread0" daemon [_thread_in_native, id=11804, stack(0x0000000016a90000,0x0000000016b90000)]
  0x000000001541d000 JavaThread "Attach Listener" daemon [_thread_blocked, id=1488, stack(0x0000000016990000,0x0000000016a90000)]
  0x000000001541b800 JavaThread "Signal Dispatcher" daemon [_thread_blocked, id=11296, stack(0x0000000016890000,0x0000000016990000)]
  0x000000001540a000 JavaThread "Finalizer" daemon [_thread_blocked, id=4900, stack(0x00000000166a0000,0x00000000167a0000)]
  0x00000000153e8800 JavaThread "Reference Handler" daemon [_thread_blocked, id=8144, stack(0x00000000165a0000,0x00000000166a0000)]
  0x0000000002c50800 JavaThread "main" [_thread_blocked, id=1168, stack(0x0000000002af0000,0x0000000002bf0000)]

Other Threads:
  0x00000000153e6000 VMThread [stack: 0x00000000164a0000,0x00000000165a0000] [id=6132]
  0x0000000016ca2000 WatcherThread [stack: 0x0000000017290000,0x0000000017390000] [id=9148]

VM state:not at safepoint (normal execution)

VM Mutex/Monitor currently owned by a thread:  ([mutex/lock_event])
[0x00000000013bb4c0] CodeCache_lock - owner thread: 0x0000000016c98800
[0x00000000013be020] Compile_lock - owner thread: 0x0000000016c98800
[0x00000000013bc920] MethodCompileQueue_lock - owner thread: 0x0000000016c98800
[0x00000000013bc9a0] PeriodicTask_lock - owner thread: 0x0000000016ca2000

Heap:
 PSYoungGen      total 144896K, used 6207K [0x00000000eab00000, 0x00000000fd900000, 0x0000000100000000)
  eden space 130048K, 1% used [0x00000000eab00000,0x00000000eac97910,0x00000000f2a00000)
  from space 14848K, 30% used [0x00000000f2a00000,0x00000000f2e78698,0x00000000f3880000)
  to   space 24576K, 0% used [0x00000000fc100000,0x00000000fc100000,0x00000000fd900000)
 ParOldGen       total 44032K, used 43627K [0x00000000c0000000, 0x00000000c2b00000, 0x00000000eab00000)
  object space 44032K, 99% used [0x00000000c0000000,0x00000000c2a9ae90,0x00000000c2b00000)
 Metaspace       used 6670K, capacity 7384K, committed 7680K, reserved 1056768K
  class space    used 642K, capacity 656K, committed 768K, reserved 1048576K

Card table byte_map: [0x0000000012110000,0x0000000012320000] byte_map_base: 0x0000000011b10000

Marking Bits: (ParMarkBitMap*) 0x00000000696eb6d0
 Begin Bits: [0x0000000012880000, 0x0000000013880000)
 End Bits:   [0x0000000013880000, 0x0000000014880000)

Polling page: 0x0000000001010000

CodeCache: size=245760Kb used=8996Kb max_used=8996Kb free=236764Kb
 bounds [0x0000000002d50000, 0x0000000003630000, 0x0000000011d50000]
 total_blobs=2398 nmethods=2133 adapters=176
 compilation: enabled

Compilation events (10 events):
Event: 16.380 Thread 0x0000000016c98800 nmethod 2261 0x000000000361cf10 code [0x000000000361d060, 0x000000000361d170]
Event: 16.380 Thread 0x0000000016c98800 2262       1       com.android.dx.dex.code.CstInsn::getConstant (5 bytes)
Event: 16.381 Thread 0x0000000016c98800 nmethod 2262 0x000000000361d1d0 code [0x000000000361d320, 0x000000000361d430]
Event: 16.381 Thread 0x0000000016c98800 2263       3       com.android.dx.dex.code.DalvInsnList::get (9 bytes)
Event: 16.381 Thread 0x0000000016c98800 nmethod 2263 0x000000000361d490 code [0x000000000361d600, 0x000000000361d8e8]
Event: 16.381 Thread 0x0000000016c98800 2264       1       com.android.dx.dex.code.form.SpecialFormat::isCompatible (2 bytes)
Event: 16.381 Thread 0x0000000016c98800 nmethod 2264 0x000000000361d990 code [0x000000000361dae0, 0x000000000361dbf0]
Event: 16.381 Thread 0x0000000016c98800 2265       1       com.android.dx.dex.code.ZeroSizeInsn::codeSize (2 bytes)
Event: 16.381 Thread 0x0000000016c98800 nmethod 2265 0x000000000361dc50 code [0x000000000361dda0, 0x000000000361deb0]
Event: 16.381 Thread 0x0000000016c98800 2267       3       com.android.dx.dex.code.OutputFinisher::findOpcodeForInsn (51 bytes)

GC Heap History (10 events):
Event: 3.910 GC heap before
{Heap before GC invocations=4 (full 0):
 PSYoungGen      total 35328K, used 35305K [0x00000000eab00000, 0x00000000ef000000, 0x0000000100000000)
  eden space 32768K, 100% used [0x00000000eab00000,0x00000000ecb00000,0x00000000ecb00000)
  from space 2560K, 99% used [0x00000000ecb00000,0x00000000ecd7a528,0x00000000ecd80000)
  to   space 2560K, 0% used [0x00000000eed80000,0x00000000eed80000,0x00000000ef000000)
 ParOldGen       total 44032K, used 8610K [0x00000000c0000000, 0x00000000c2b00000, 0x00000000eab00000)
  object space 44032K, 19% used [0x00000000c0000000,0x00000000c08688a0,0x00000000c2b00000)
 Metaspace       used 6247K, capacity 7158K, committed 7296K, reserved 1056768K
  class space    used 607K, capacity 622K, committed 640K, reserved 1048576K
Event: 4.076 GC heap after
Heap after GC invocations=4 (full 0):
 PSYoungGen      total 68096K, used 2534K [0x00000000eab00000, 0x00000000ef000000, 0x0000000100000000)
  eden space 65536K, 0% used [0x00000000eab00000,0x00000000eab00000,0x00000000eeb00000)
  from space 2560K, 98% used [0x00000000eed80000,0x00000000eeff9950,0x00000000ef000000)
  to   space 2560K, 0% used [0x00000000eeb00000,0x00000000eeb00000,0x00000000eed80000)
 ParOldGen       total 44032K, used 13323K [0x00000000c0000000, 0x00000000c2b00000, 0x00000000eab00000)
  object space 44032K, 30% used [0x00000000c0000000,0x00000000c0d02ed0,0x00000000c2b00000)
 Metaspace       used 6247K, capacity 7158K, committed 7296K, reserved 1056768K
  class space    used 607K, capacity 622K, committed 640K, reserved 1048576K
}
Event: 4.978 GC heap before
{Heap before GC invocations=5 (full 0):
 PSYoungGen      total 68096K, used 68070K [0x00000000eab00000, 0x00000000ef000000, 0x0000000100000000)
  eden space 65536K, 100% used [0x00000000eab00000,0x00000000eeb00000,0x00000000eeb00000)
  from space 2560K, 98% used [0x00000000eed80000,0x00000000eeff9950,0x00000000ef000000)
  to   space 2560K, 0% used [0x00000000eeb00000,0x00000000eeb00000,0x00000000eed80000)
 ParOldGen       total 44032K, used 13323K [0x00000000c0000000, 0x00000000c2b00000, 0x00000000eab00000)
  object space 44032K, 30% used [0x00000000c0000000,0x00000000c0d02ed0,0x00000000c2b00000)
 Metaspace       used 6279K, capacity 7158K, committed 7296K, reserved 1056768K
  class space    used 608K, capacity 622K, committed 640K, reserved 1048576K
Event: 5.090 GC heap after
Heap after GC invocations=5 (full 0):
 PSYoungGen      total 68096K, used 2546K [0x00000000eab00000, 0x00000000f4600000, 0x0000000100000000)
  eden space 65536K, 0% used [0x00000000eab00000,0x00000000eab00000,0x00000000eeb00000)
  from space 2560K, 99% used [0x00000000eeb00000,0x00000000eed7cba0,0x00000000eed80000)
  to   space 13824K, 0% used [0x00000000f3880000,0x00000000f3880000,0x00000000f4600000)
 ParOldGen       total 44032K, used 23787K [0x00000000c0000000, 0x00000000c2b00000, 0x00000000eab00000)
  object space 44032K, 54% used [0x00000000c0000000,0x00000000c173ac00,0x00000000c2b00000)
 Metaspace       used 6279K, capacity 7158K, committed 7296K, reserved 1056768K
  class space    used 608K, capacity 622K, committed 640K, reserved 1048576K
}
Event: 6.152 GC heap before
{Heap before GC invocations=6 (full 0):
 PSYoungGen      total 68096K, used 68082K [0x00000000eab00000, 0x00000000f4600000, 0x0000000100000000)
  eden space 65536K, 100% used [0x00000000eab00000,0x00000000eeb00000,0x00000000eeb00000)
  from space 2560K, 99% used [0x00000000eeb00000,0x00000000eed7cba0,0x00000000eed80000)
  to   space 13824K, 0% used [0x00000000f3880000,0x00000000f3880000,0x00000000f4600000)
 ParOldGen       total 44032K, used 23787K [0x00000000c0000000, 0x00000000c2b00000, 0x00000000eab00000)
  object space 44032K, 54% used [0x00000000c0000000,0x00000000c173ac00,0x00000000c2b00000)
 Metaspace       used 6406K, capacity 7192K, committed 7424K, reserved 1056768K
  class space    used 627K, capacity 656K, committed 768K, reserved 1048576K
Event: 6.184 GC heap after
Heap after GC invocations=6 (full 0):
 PSYoungGen      total 143872K, used 11143K [0x00000000eab00000, 0x00000000f4800000, 0x0000000100000000)
  eden space 130048K, 0% used [0x00000000eab00000,0x00000000eab00000,0x00000000f2a00000)
  from space 13824K, 80% used [0x00000000f3880000,0x00000000f4361e00,0x00000000f4600000)
  to   space 14848K, 0% used [0x00000000f2a00000,0x00000000f2a00000,0x00000000f3880000)
 ParOldGen       total 44032K, used 23795K [0x00000000c0000000, 0x00000000c2b00000, 0x00000000eab00000)
  object space 44032K, 54% used [0x00000000c0000000,0x00000000c173cc00,0x00000000c2b00000)
 Metaspace       used 6406K, capacity 7192K, committed 7424K, reserved 1056768K
  class space    used 627K, capacity 656K, committed 768K, reserved 1048576K
}
Event: 7.664 GC heap before
{Heap before GC invocations=7 (full 0):
 PSYoungGen      total 143872K, used 141191K [0x00000000eab00000, 0x00000000f4800000, 0x0000000100000000)
  eden space 130048K, 100% used [0x00000000eab00000,0x00000000f2a00000,0x00000000f2a00000)
  from space 13824K, 80% used [0x00000000f3880000,0x00000000f4361e00,0x00000000f4600000)
  to   space 14848K, 0% used [0x00000000f2a00000,0x00000000f2a00000,0x00000000f3880000)
 ParOldGen       total 44032K, used 23795K [0x00000000c0000000, 0x00000000c2b00000, 0x00000000eab00000)
  object space 44032K, 54% used [0x00000000c0000000,0x00000000c173cc00,0x00000000c2b00000)
 Metaspace       used 6586K, capacity 7320K, committed 7680K, reserved 1056768K
  class space    used 634K, capacity 656K, committed 768K, reserved 1048576K
Event: 7.904 GC heap after
Heap after GC invocations=7 (full 0):
 PSYoungGen      total 144896K, used 14834K [0x00000000eab00000, 0x00000000fd900000, 0x0000000100000000)
  eden space 130048K, 0% used [0x00000000eab00000,0x00000000eab00000,0x00000000f2a00000)
  from space 14848K, 99% used [0x00000000f2a00000,0x00000000f387cb00,0x00000000f3880000)
  to   space 24576K, 0% used [0x00000000fc100000,0x00000000fc100000,0x00000000fd900000)
 ParOldGen       total 44032K, used 37833K [0x00000000c0000000, 0x00000000c2b00000, 0x00000000eab00000)
  object space 44032K, 85% used [0x00000000c0000000,0x00000000c24f2640,0x00000000c2b00000)
 Metaspace       used 6586K, capacity 7320K, committed 7680K, reserved 1056768K
  class space    used 634K, capacity 656K, committed 768K, reserved 1048576K
}
Event: 7.904 GC heap before
{Heap before GC invocations=8 (full 1):
 PSYoungGen      total 144896K, used 14834K [0x00000000eab00000, 0x00000000fd900000, 0x0000000100000000)
  eden space 130048K, 0% used [0x00000000eab00000,0x00000000eab00000,0x00000000f2a00000)
  from space 14848K, 99% used [0x00000000f2a00000,0x00000000f387cb00,0x00000000f3880000)
  to   space 24576K, 0% used [0x00000000fc100000,0x00000000fc100000,0x00000000fd900000)
 ParOldGen       total 44032K, used 37833K [0x00000000c0000000, 0x00000000c2b00000, 0x00000000eab00000)
  object space 44032K, 85% used [0x00000000c0000000,0x00000000c24f2640,0x00000000c2b00000)
 Metaspace       used 6586K, capacity 7320K, committed 7680K, reserved 1056768K
  class space    used 634K, capacity 656K, committed 768K, reserved 1048576K
Event: 14.301 GC heap after
Heap after GC invocations=8 (full 1):
 PSYoungGen      total 144896K, used 4577K [0x00000000eab00000, 0x00000000fd900000, 0x0000000100000000)
  eden space 130048K, 0% used [0x00000000eab00000,0x00000000eab00000,0x00000000f2a00000)
  from space 14848K, 30% used [0x00000000f2a00000,0x00000000f2e78698,0x00000000f3880000)
  to   space 24576K, 0% used [0x00000000fc100000,0x00000000fc100000,0x00000000fd900000)
 ParOldGen       total 44032K, used 43627K [0x00000000c0000000, 0x00000000c2b00000, 0x00000000eab00000)
  object space 44032K, 99% used [0x00000000c0000000,0x00000000c2a9ae90,0x00000000c2b00000)
 Metaspace       used 6586K, capacity 7320K, committed 7680K, reserved 1056768K
  class space    used 634K, capacity 656K, committed 768K, reserved 1048576K
}

Deoptimization events (10 events):
Event: 6.312 Thread 0x0000000017082000 Uncommon trap: reason=unstable_if action=reinterpret pc=0x000000000349cc64 method=com.android.dx.rop.code.DexTranslationAdvice.hasConstantOperation(Lcom/android/dx/rop/code/Rop;Lcom/android/dx/rop/code/RegisterSpec;Lcom/android/dx/rop/code/RegisterSpec;)Z
Event: 6.745 Thread 0x0000000017085000 Uncommon trap: reason=unstable_if action=reinterpret pc=0x000000000342a170 method=com.android.dx.ssa.SCCP.simulateBranch(Lcom/android/dx/ssa/SsaInsn;)V @ 548
Event: 6.760 Thread 0x0000000017085000 Uncommon trap: reason=class_check action=maybe_recompile pc=0x0000000003477354 method=com.android.dx.cf.code.OneLocalsArray.set(ILcom/android/dx/rop/type/TypeBearer;)V @ 85
Event: 6.839 Thread 0x0000000017082000 Uncommon trap: reason=unstable_if action=reinterpret pc=0x000000000346bcc4 method=com.android.dx.rop.cst.CstNat.equals(Ljava/lang/Object;)Z @ 25
Event: 7.277 Thread 0x0000000017081000 Uncommon trap: reason=class_check action=maybe_recompile pc=0x00000000031f6758 method=java.util.Arrays.hashCode([Ljava/lang/Object;)I @ 43
Event: 7.277 Thread 0x0000000017081000 Uncommon trap: reason=class_check action=maybe_recompile pc=0x00000000031f6758 method=java.util.Arrays.hashCode([Ljava/lang/Object;)I @ 43
Event: 7.277 Thread 0x0000000017081000 Uncommon trap: reason=class_check action=maybe_recompile pc=0x00000000031f6758 method=java.util.Arrays.hashCode([Ljava/lang/Object;)I @ 43
Event: 7.277 Thread 0x0000000017081000 Uncommon trap: reason=class_check action=maybe_recompile pc=0x00000000031f6758 method=java.util.Arrays.hashCode([Ljava/lang/Object;)I @ 43
Event: 7.277 Thread 0x0000000017081000 Uncommon trap: reason=class_check action=maybe_recompile pc=0x0000000003130bf8 method=java.util.Arrays.hashCode([Ljava/lang/Object;)I @ 43
Event: 7.487 Thread 0x0000000017081000 Uncommon trap: reason=unstable_if action=reinterpret pc=0x00000000035dd050 method=java.util.HashMap.putVal(ILjava/lang/Object;Ljava/lang/Object;ZZ)Ljava/lang/Object; @ 109

Internal exceptions (6 events):
Event: 0.227 Thread 0x0000000002c50800 Exception <a 'java/lang/NoSuchMethodError': Method sun.misc.Unsafe.defineClass(Ljava/lang/String;[BII)Ljava/lang/Class; name or signature does not match> (0x00000000eab07ca8) thrown at [C:\re\workspace\8-2-build-windows-amd64-cygwin\jdk8u121\8372\hotspot\
Event: 0.227 Thread 0x0000000002c50800 Exception <a 'java/lang/NoSuchMethodError': Method sun.misc.Unsafe.prefetchRead(Ljava/lang/Object;J)V name or signature does not match> (0x00000000eab07f90) thrown at [C:\re\workspace\8-2-build-windows-amd64-cygwin\jdk8u121\8372\hotspot\src\share\vm\prims
Event: 2.163 Thread 0x0000000017085000 Implicit null exception at 0x00000000031b0695 to 0x00000000031b20e1
Event: 5.432 Thread 0x0000000002c50800 Exception <a 'java/lang/ArrayIndexOutOfBoundsException': 18> (0x00000000ebe6b5b8) thrown at [C:\re\workspace\8-2-build-windows-amd64-cygwin\jdk8u121\8372\hotspot\src\share\vm\interpreter\interpreterRuntime.cpp, line 366]
Event: 5.433 Thread 0x0000000002c50800 Exception <a 'java/lang/ArrayIndexOutOfBoundsException'> (0x00000000ebe6d138) thrown at [C:\re\workspace\8-2-build-windows-amd64-cygwin\jdk8u121\8372\hotspot\src\share\vm\runtime\sharedRuntime.cpp, line 605]
Event: 5.434 Thread 0x0000000002c50800 Exception <a 'java/lang/ArrayIndexOutOfBoundsException'> (0x00000000ebe6e420) thrown at [C:\re\workspace\8-2-build-windows-amd64-cygwin\jdk8u121\8372\hotspot\src\share\vm\runtime\sharedRuntime.cpp, line 605]

Events (10 events):
Event: 16.372 loading class com/android/dx/dex/code/LocalList$MakeState
Event: 16.372 loading class com/android/dx/dex/code/LocalList$MakeState done
Event: 16.373 loading class com/android/dx/dex/code/LocalList$Disposition
Event: 16.373 loading class com/android/dx/dex/code/LocalList$Disposition done
Event: 16.373 loading class com/android/dx/dex/code/LocalList$Entry
Event: 16.373 loading class com/android/dx/dex/code/LocalList$Entry done
Event: 16.378 loading class com/android/dx/dex/code/CatchHandlerList
Event: 16.378 loading class com/android/dx/dex/code/CatchHandlerList done
Event: 16.379 loading class com/android/dx/dex/code/CatchTable
Event: 16.379 loading class com/android/dx/dex/code/CatchTable done


Dynamic libraries:
0x00007ff775d00000 - 0x00007ff775d37000 	F:\Mine\java\JDK\bin\java.exe
0x00007ffecd640000 - 0x00007ffecd812000 	C:\Windows\SYSTEM32\ntdll.dll
0x00007ffecb2c0000 - 0x00007ffecb36c000 	C:\Windows\System32\KERNEL32.DLL
0x00007ffec9cc0000 - 0x00007ffec9edd000 	C:\Windows\System32\KERNELBASE.dll
0x00007ffecd450000 - 0x00007ffecd4f2000 	C:\Windows\System32\ADVAPI32.dll
0x00007ffecd3b0000 - 0x00007ffecd44e000 	C:\Windows\System32\msvcrt.dll
0x00007ffecb500000 - 0x00007ffecb559000 	C:\Windows\System32\sechost.dll
0x00007ffecb3d0000 - 0x00007ffecb4f1000 	C:\Windows\System32\RPCRT4.dll
0x00007ffecd240000 - 0x00007ffecd3a5000 	C:\Windows\System32\USER32.dll
0x00007ffeca890000 - 0x00007ffeca8ae000 	C:\Windows\System32\win32u.dll
0x00007ffecb0a0000 - 0x00007ffecb0d4000 	C:\Windows\System32\GDI32.dll
0x00007ffec9b40000 - 0x00007ffec9cc0000 	C:\Windows\System32\gdi32full.dll
0x00007ffebd1c0000 - 0x00007ffebd43a000 	C:\Windows\WinSxS\amd64_microsoft.windows.common-controls_6595b64144ccf1df_6.0.14393.953_none_42151e83c686086b\COMCTL32.dll
0x00007ffeccf70000 - 0x00007ffecd238000 	C:\Windows\System32\combase.dll
0x00007ffecaa20000 - 0x00007ffecab15000 	C:\Windows\System32\ucrtbase.dll
0x00007ffeca960000 - 0x00007ffeca9ca000 	C:\Windows\System32\bcryptPrimitives.dll
0x00007ffecabd0000 - 0x00007ffecabfe000 	C:\Windows\System32\IMM32.DLL
0x00007ffec97e0000 - 0x00007ffec98cb000 	C:\Windows\system32\guard64.dll
0x00007ffec97d0000 - 0x00007ffec97da000 	C:\Windows\system32\version.dll
0x00007ffecd500000 - 0x00007ffecd638000 	C:\Windows\System32\ole32.dll
0x00007ffec97c0000 - 0x00007ffec97ca000 	C:\Windows\system32\fltlib.dll
0x00007ffec9780000 - 0x00007ffec97b2000 	C:\Windows\SYSTEM32\ntmarta.dll
0x0000000069770000 - 0x0000000069842000 	F:\Mine\java\JDK\jre\bin\msvcr100.dll
0x0000000068ed0000 - 0x000000006976b000 	F:\Mine\java\JDK\jre\bin\server\jvm.dll
0x00007ffeccdc0000 - 0x00007ffeccdc8000 	C:\Windows\System32\PSAPI.DLL
0x00007ffebb330000 - 0x00007ffebb339000 	C:\Windows\SYSTEM32\WSOCK32.dll
0x00007ffecb7c0000 - 0x00007ffecb82a000 	C:\Windows\System32\WS2_32.dll
0x00007ffec76a0000 - 0x00007ffec76c3000 	C:\Windows\SYSTEM32\WINMM.dll
0x00007ffec7640000 - 0x00007ffec766b000 	C:\Windows\SYSTEM32\WINMMBASE.dll
0x00007ffeca9d0000 - 0x00007ffecaa12000 	C:\Windows\System32\cfgmgr32.dll
0x0000000068ec0000 - 0x0000000068ecf000 	F:\Mine\java\JDK\jre\bin\verify.dll
0x0000000068e90000 - 0x0000000068eb9000 	F:\Mine\java\JDK\jre\bin\java.dll
0x0000000068e70000 - 0x0000000068e86000 	F:\Mine\java\JDK\jre\bin\zip.dll
0x00007ffecb8b0000 - 0x00007ffeccdb8000 	C:\Windows\System32\SHELL32.dll
0x00007ffeca1b0000 - 0x00007ffeca888000 	C:\Windows\System32\windows.storage.dll
0x00007ffec9ac0000 - 0x00007ffec9b0c000 	C:\Windows\System32\powrprof.dll
0x00007ffecb370000 - 0x00007ffecb3c2000 	C:\Windows\System32\shlwapi.dll
0x00007ffec9b30000 - 0x00007ffec9b3f000 	C:\Windows\System32\kernel.appcore.dll
0x00007ffeca8b0000 - 0x00007ffeca959000 	C:\Windows\System32\shcore.dll
0x00007ffec9b10000 - 0x00007ffec9b24000 	C:\Windows\System32\profapi.dll

VM Arguments:
jvm_args: -Djava.awt.headless=true -Xmx1024M -Dfile.encoding=windows-1251 -Duser.country=RU -Duser.language=ru -Duser.variant 
java_command: com.android.dx.command.Main --dex --force-jumbo --num-threads=4 --multi-dex --output F:\Mine\java\projects\Graphik\MyGrafik\app\build\intermediates\transforms\dex\debug\folders\1000\10\com.android.support-appcompat-v7-25.0.1_edc0d41c5c90a1facc3f141d686c23147c2a7b54 F:\Mine\java\projects\Graphik\MyGrafik\app\build\intermediates\exploded-aar\com.android.support\appcompat-v7\25.0.1\jars\classes.jar
java_class_path (initial): F:\Mine\java\SDK\build-tools\25.0.2\lib\dx.jar
Launcher Type: SUN_STANDARD

Environment Variables:
PATH=C:\ProgramData\Oracle\Java\javapath;C:\Windows\system32;C:\Windows;C:\Windows\System32\Wbem;C:\Windows\System32\WindowsPowerShell\v1.0\;C:\Program Files (x86)\Skype\Phone\;C:\Program Files (x86)\GtkSharp\2.12\bin;C:\Users\User\AppData\Local\Microsoft\WindowsApps;
USERNAME=User
OS=Windows_NT
PROCESSOR_IDENTIFIER=Intel64 Family 6 Model 61 Stepping 4, GenuineIntel



---------------  S Y S T E M  ---------------

OS: Windows 10.0 , 64 bit Build 14393 (10.0.14393.1198)

CPU:total 4 (2 cores per cpu, 2 threads per core) family 6 model 61 stepping 4, cmov, cx8, fxsr, mmx, sse, sse2, sse3, ssse3, sse4.1, sse4.2, popcnt, avx, avx2, aes, clmul, erms, 3dnowpref, lzcnt, ht, tsc, tscinvbit, bmi1, bmi2, adx

Memory: 4k page, physical 4107596k(954720k free), swap 5287244k(190612k free)

vm_info: Java HotSpot(TM) 64-Bit Server VM (25.121-b13) for windows-amd64 JRE (1.8.0_121-b13), built on Dec 12 2016 18:21:36 by "java_re" with MS VC++ 10.0 (VS2010)

time: Tue Nov 21 22:57:43 2017
elapsed time: 19 seconds (0d 0h 0m 19s)

