#
# There is insufficient memory for the Java Runtime Environment to continue.
# Native memory allocation (malloc) failed to allocate 186096 bytes for Chunk::new
# Possible reasons:
#   The system is out of physical RAM or swap space
#   In 32 bit mode, the process size limit was hit
# Possible solutions:
#   Reduce memory load on the system
#   Increase physical memory or swap space
#   Check if swap backing store is full
#   Use 64 bit Java on a 64 bit OS
#   Decrease Java heap size (-Xmx/-Xms)
#   Decrease number of Java threads
#   Decrease Java thread stack sizes (-Xss)
#   Set larger code cache with -XX:ReservedCodeCacheSize=
# This output file may be truncated or incomplete.
#
#  Out of Memory Error (allocation.cpp:390), pid=5312, tid=0x0000000000000770
#
# JRE version: Java(TM) SE Runtime Environment (8.0_121-b13) (build 1.8.0_121-b13)
# Java VM: Java HotSpot(TM) 64-Bit Server VM (25.121-b13 mixed mode windows-amd64 compressed oops)
# Failed to write core dump. Minidumps are not enabled by default on client versions of Windows
#

---------------  T H R E A D  ---------------

Current thread (0x0000000015575000):  JavaThread "C2 CompilerThread1" daemon [_thread_in_native, id=1904, stack(0x0000000016c90000,0x0000000016d90000)]

Stack: [0x0000000016c90000,0x0000000016d90000]
[error occurred during error reporting (printing stack bounds), id 0xc0000005]

Native frames: (J=compiled Java code, j=interpreted, Vv=VM code, C=native code)


Current CompileTask:
C2:   8474 1645 %     4       com.android.dx.ssa.SsaMethod::computeReachability @ 52 (131 bytes)


---------------  P R O C E S S  ---------------

Java Threads: ( => current thread )
  0x00000000170e6800 JavaThread "pool-2-thread-4" [_thread_blocked, id=8480, stack(0x0000000017890000,0x0000000017990000)]
  0x0000000017116000 JavaThread "pool-2-thread-3" [_thread_blocked, id=5760, stack(0x0000000017790000,0x0000000017890000)]
  0x0000000017114800 JavaThread "pool-2-thread-2" [_thread_in_Java, id=6860, stack(0x0000000017690000,0x0000000017790000)]
  0x0000000017105800 JavaThread "pool-3-thread-1" [_thread_blocked, id=8700, stack(0x0000000017590000,0x0000000017690000)]
  0x0000000017105000 JavaThread "pool-2-thread-1" [_thread_in_vm, id=4452, stack(0x0000000017490000,0x0000000017590000)]
  0x0000000016e90800 JavaThread "Service Thread" daemon [_thread_blocked, id=5200, stack(0x0000000017290000,0x0000000017390000)]
  0x00000000155ac800 JavaThread "C1 CompilerThread2" daemon [_thread_in_native, id=9200, stack(0x0000000016d90000,0x0000000016e90000)]
=>0x0000000015575000 JavaThread "C2 CompilerThread1" daemon [_thread_in_native, id=1904, stack(0x0000000016c90000,0x0000000016d90000)]
  0x000000001554e800 JavaThread "C2 CompilerThread0" daemon [_thread_in_native, id=7428, stack(0x0000000016b90000,0x0000000016c90000)]
  0x000000001554d000 JavaThread "Attach Listener" daemon [_thread_blocked, id=6152, stack(0x0000000016a90000,0x0000000016b90000)]
  0x000000001554b800 JavaThread "Signal Dispatcher" daemon [_thread_blocked, id=9108, stack(0x0000000016990000,0x0000000016a90000)]
  0x000000001553a000 JavaThread "Finalizer" daemon [_thread_blocked, id=7244, stack(0x00000000167a0000,0x00000000168a0000)]
  0x0000000015518800 JavaThread "Reference Handler" daemon [_thread_blocked, id=1204, stack(0x00000000166a0000,0x00000000167a0000)]
  0x0000000002d80800 JavaThread "main" [_thread_in_Java, id=9828, stack(0x0000000002be0000,0x0000000002ce0000)]

Other Threads:
  0x0000000015516000 VMThread [stack: 0x00000000165a0000,0x00000000166a0000] [id=3112]
  0x0000000016eab800 WatcherThread [stack: 0x0000000017390000,0x0000000017490000] [id=10380]

VM state:not at safepoint (normal execution)

VM Mutex/Monitor currently owned by a thread: None

Heap:
 PSYoungGen      total 35328K, used 9951K [0x00000000eab00000, 0x00000000ed000000, 0x0000000100000000)
  eden space 32768K, 22% used [0x00000000eab00000,0x00000000eb23a6a8,0x00000000ecb00000)
  from space 2560K, 99% used [0x00000000ecb00000,0x00000000ecd7d678,0x00000000ecd80000)
  to   space 2560K, 0% used [0x00000000ecd80000,0x00000000ecd80000,0x00000000ed000000)
 ParOldGen       total 44032K, used 14724K [0x00000000c0000000, 0x00000000c2b00000, 0x00000000eab00000)
  object space 44032K, 33% used [0x00000000c0000000,0x00000000c0e611d8,0x00000000c2b00000)
 Metaspace       used 6306K, capacity 7128K, committed 7424K, reserved 1056768K
  class space    used 626K, capacity 656K, committed 768K, reserved 1048576K

Card table byte_map: [0x0000000012240000,0x0000000012450000] byte_map_base: 0x0000000011c40000

Marking Bits: (ParMarkBitMap*) 0x00000000696eb6d0
 Begin Bits: [0x00000000129b0000, 0x00000000139b0000)
 End Bits:   [0x00000000139b0000, 0x00000000149b0000)

Polling page: 0x00000000013f0000

CodeCache: size=245760Kb used=6188Kb max_used=6188Kb free=239571Kb
 bounds [0x0000000002e80000, 0x00000000034a0000, 0x0000000011e80000]
 total_blobs=1870 nmethods=1607 adapters=176
 compilation: enabled

Compilation events (10 events):
Event: 6.460 Thread 0x0000000015575000 1645 %     4       com.android.dx.ssa.SsaMethod::computeReachability @ 52 (131 bytes)
Event: 6.460 Thread 0x00000000155ac800 1652       2       com.android.dx.rop.cst.CstType::getType (4 bytes)
Event: 6.461 Thread 0x00000000155ac800 nmethod 1652 0x00000000034798d0 code [0x0000000003479a20, 0x0000000003479b70]
Event: 6.462 Thread 0x00000000155ac800 1653       2       com.android.dx.rop.type.Type::asUninitialized (140 bytes)
Event: 6.463 Thread 0x00000000155ac800 nmethod 1653 0x000000000347cdd0 code [0x000000000347d040, 0x000000000347dc68]
Event: 6.465 Thread 0x00000000155ac800 1654       2       com.android.dx.ssa.SsaMethod$1::visitMoveInsn (17 bytes)
Event: 6.466 Thread 0x00000000155ac800 nmethod 1654 0x0000000003479390 code [0x0000000003479500, 0x0000000003479710]
Event: 6.466 Thread 0x00000000155ac800 1655       2       com.android.dx.util.IntList::binarysearch (124 bytes)
Event: 6.467 Thread 0x00000000155ac800 nmethod 1655 0x0000000003478bd0 code [0x0000000003478d40, 0x0000000003479050]
Event: 6.471 Thread 0x00000000155ac800 1658       2       com.android.dx.ssa.PhiTypeResolver::resolveResultType (308 bytes)

GC Heap History (10 events):
Event: 2.207 GC heap before
{Heap before GC invocations=1 (full 0):
 PSYoungGen      total 18944K, used 16384K [0x00000000eab00000, 0x00000000ec000000, 0x0000000100000000)
  eden space 16384K, 100% used [0x00000000eab00000,0x00000000ebb00000,0x00000000ebb00000)
  from space 2560K, 0% used [0x00000000ebd80000,0x00000000ebd80000,0x00000000ec000000)
  to   space 2560K, 0% used [0x00000000ebb00000,0x00000000ebb00000,0x00000000ebd80000)
 ParOldGen       total 44032K, used 0K [0x00000000c0000000, 0x00000000c2b00000, 0x00000000eab00000)
  object space 44032K, 0% used [0x00000000c0000000,0x00000000c0000000,0x00000000c2b00000)
 Metaspace       used 5719K, capacity 6706K, committed 6784K, reserved 1056768K
  class space    used 598K, capacity 618K, committed 640K, reserved 1048576K
Event: 2.217 GC heap after
Heap after GC invocations=1 (full 0):
 PSYoungGen      total 18944K, used 2538K [0x00000000eab00000, 0x00000000ec000000, 0x0000000100000000)
  eden space 16384K, 0% used [0x00000000eab00000,0x00000000eab00000,0x00000000ebb00000)
  from space 2560K, 99% used [0x00000000ebb00000,0x00000000ebd7aaa8,0x00000000ebd80000)
  to   space 2560K, 0% used [0x00000000ebd80000,0x00000000ebd80000,0x00000000ec000000)
 ParOldGen       total 44032K, used 1684K [0x00000000c0000000, 0x00000000c2b00000, 0x00000000eab00000)
  object space 44032K, 3% used [0x00000000c0000000,0x00000000c01a51e8,0x00000000c2b00000)
 Metaspace       used 5719K, capacity 6706K, committed 6784K, reserved 1056768K
  class space    used 598K, capacity 618K, committed 640K, reserved 1048576K
}
Event: 2.732 GC heap before
{Heap before GC invocations=2 (full 0):
 PSYoungGen      total 18944K, used 18922K [0x00000000eab00000, 0x00000000ec000000, 0x0000000100000000)
  eden space 16384K, 100% used [0x00000000eab00000,0x00000000ebb00000,0x00000000ebb00000)
  from space 2560K, 99% used [0x00000000ebb00000,0x00000000ebd7aaa8,0x00000000ebd80000)
  to   space 2560K, 0% used [0x00000000ebd80000,0x00000000ebd80000,0x00000000ec000000)
 ParOldGen       total 44032K, used 1684K [0x00000000c0000000, 0x00000000c2b00000, 0x00000000eab00000)
  object space 44032K, 3% used [0x00000000c0000000,0x00000000c01a51e8,0x00000000c2b00000)
 Metaspace       used 6007K, capacity 6964K, committed 7040K, reserved 1056768K
  class space    used 601K, capacity 620K, committed 640K, reserved 1048576K
Event: 2.746 GC heap after
Heap after GC invocations=2 (full 0):
 PSYoungGen      total 18944K, used 2554K [0x00000000eab00000, 0x00000000ed000000, 0x0000000100000000)
  eden space 16384K, 0% used [0x00000000eab00000,0x00000000eab00000,0x00000000ebb00000)
  from space 2560K, 99% used [0x00000000ebd80000,0x00000000ebffea98,0x00000000ec000000)
  to   space 2560K, 0% used [0x00000000ebb00000,0x00000000ebb00000,0x00000000ebd80000)
 ParOldGen       total 44032K, used 3657K [0x00000000c0000000, 0x00000000c2b00000, 0x00000000eab00000)
  object space 44032K, 8% used [0x00000000c0000000,0x00000000c0392720,0x00000000c2b00000)
 Metaspace       used 6007K, capacity 6964K, committed 7040K, reserved 1056768K
  class space    used 601K, capacity 620K, committed 640K, reserved 1048576K
}
Event: 3.037 GC heap before
{Heap before GC invocations=3 (full 0):
 PSYoungGen      total 18944K, used 18938K [0x00000000eab00000, 0x00000000ed000000, 0x0000000100000000)
  eden space 16384K, 100% used [0x00000000eab00000,0x00000000ebb00000,0x00000000ebb00000)
  from space 2560K, 99% used [0x00000000ebd80000,0x00000000ebffea98,0x00000000ec000000)
  to   space 2560K, 0% used [0x00000000ebb00000,0x00000000ebb00000,0x00000000ebd80000)
 ParOldGen       total 44032K, used 3657K [0x00000000c0000000, 0x00000000c2b00000, 0x00000000eab00000)
  object space 44032K, 8% used [0x00000000c0000000,0x00000000c0392720,0x00000000c2b00000)
 Metaspace       used 6119K, capacity 7028K, committed 7296K, reserved 1056768K
  class space    used 605K, capacity 620K, committed 640K, reserved 1048576K
Event: 3.057 GC heap after
Heap after GC invocations=3 (full 0):
 PSYoungGen      total 18944K, used 2535K [0x00000000eab00000, 0x00000000ed000000, 0x0000000100000000)
  eden space 16384K, 0% used [0x00000000eab00000,0x00000000eab00000,0x00000000ebb00000)
  from space 2560K, 99% used [0x00000000ebb00000,0x00000000ebd79f48,0x00000000ebd80000)
  to   space 2560K, 0% used [0x00000000ecd80000,0x00000000ecd80000,0x00000000ed000000)
 ParOldGen       total 44032K, used 6442K [0x00000000c0000000, 0x00000000c2b00000, 0x00000000eab00000)
  object space 44032K, 14% used [0x00000000c0000000,0x00000000c064aa18,0x00000000c2b00000)
 Metaspace       used 6119K, capacity 7028K, committed 7296K, reserved 1056768K
  class space    used 605K, capacity 620K, committed 640K, reserved 1048576K
}
Event: 3.304 GC heap before
{Heap before GC invocations=4 (full 0):
 PSYoungGen      total 18944K, used 18919K [0x00000000eab00000, 0x00000000ed000000, 0x0000000100000000)
  eden space 16384K, 100% used [0x00000000eab00000,0x00000000ebb00000,0x00000000ebb00000)
  from space 2560K, 99% used [0x00000000ebb00000,0x00000000ebd79f48,0x00000000ebd80000)
  to   space 2560K, 0% used [0x00000000ecd80000,0x00000000ecd80000,0x00000000ed000000)
 ParOldGen       total 44032K, used 6442K [0x00000000c0000000, 0x00000000c2b00000, 0x00000000eab00000)
  object space 44032K, 14% used [0x00000000c0000000,0x00000000c064aa18,0x00000000c2b00000)
 Metaspace       used 6163K, capacity 7092K, committed 7296K, reserved 1056768K
  class space    used 605K, capacity 620K, committed 640K, reserved 1048576K
Event: 3.348 GC heap after
Heap after GC invocations=4 (full 0):
 PSYoungGen      total 35328K, used 2551K [0x00000000eab00000, 0x00000000ed000000, 0x0000000100000000)
  eden space 32768K, 0% used [0x00000000eab00000,0x00000000eab00000,0x00000000ecb00000)
  from space 2560K, 99% used [0x00000000ecd80000,0x00000000ecffdf48,0x00000000ed000000)
  to   space 2560K, 0% used [0x00000000ecb00000,0x00000000ecb00000,0x00000000ecd80000)
 ParOldGen       total 44032K, used 9328K [0x00000000c0000000, 0x00000000c2b00000, 0x00000000eab00000)
  object space 44032K, 21% used [0x00000000c0000000,0x00000000c091c3e8,0x00000000c2b00000)
 Metaspace       used 6163K, capacity 7092K, committed 7296K, reserved 1056768K
  class space    used 605K, capacity 620K, committed 640K, reserved 1048576K
}
Event: 4.217 GC heap before
{Heap before GC invocations=5 (full 0):
 PSYoungGen      total 35328K, used 35319K [0x00000000eab00000, 0x00000000ed000000, 0x0000000100000000)
  eden space 32768K, 100% used [0x00000000eab00000,0x00000000ecb00000,0x00000000ecb00000)
  from space 2560K, 99% used [0x00000000ecd80000,0x00000000ecffdf48,0x00000000ed000000)
  to   space 2560K, 0% used [0x00000000ecb00000,0x00000000ecb00000,0x00000000ecd80000)
 ParOldGen       total 44032K, used 9328K [0x00000000c0000000, 0x00000000c2b00000, 0x00000000eab00000)
  object space 44032K, 21% used [0x00000000c0000000,0x00000000c091c3e8,0x00000000c2b00000)
 Metaspace       used 6300K, capacity 7128K, committed 7424K, reserved 1056768K
  class space    used 626K, capacity 656K, committed 768K, reserved 1048576K
Event: 6.420 GC heap after
Heap after GC invocations=5 (full 0):
 PSYoungGen      total 35328K, used 2549K [0x00000000eab00000, 0x00000000ed000000, 0x0000000100000000)
  eden space 32768K, 0% used [0x00000000eab00000,0x00000000eab00000,0x00000000ecb00000)
  from space 2560K, 99% used [0x00000000ecb00000,0x00000000ecd7d678,0x00000000ecd80000)
  to   space 2560K, 0% used [0x00000000ecd80000,0x00000000ecd80000,0x00000000ed000000)
 ParOldGen       total 44032K, used 14724K [0x00000000c0000000, 0x00000000c2b00000, 0x00000000eab00000)
  object space 44032K, 33% used [0x00000000c0000000,0x00000000c0e611d8,0x00000000c2b00000)
 Metaspace       used 6300K, capacity 7128K, committed 7424K, reserved 1056768K
  class space    used 626K, capacity 656K, committed 768K, reserved 1048576K
}

Deoptimization events (10 events):
Event: 2.800 Thread 0x0000000017114800 Uncommon trap: reason=unstable_if action=reinterpret pc=0x00000000031d1aac method=com.android.dx.rop.code.RegisterSpecSet.put(Lcom/android/dx/rop/code/RegisterSpec;)V @ 77
Event: 2.800 Thread 0x0000000017114800 Uncommon trap: reason=unstable_if action=reinterpret pc=0x00000000031c196c method=com.android.dx.rop.code.RegisterSpecSet.put(Lcom/android/dx/rop/code/RegisterSpec;)V @ 77
Event: 2.801 Thread 0x0000000017114800 Uncommon trap: reason=bimorphic action=maybe_recompile pc=0x0000000003223f4c method=java.util.HashMap.getNode(ILjava/lang/Object;)Ljava/util/HashMap$Node; @ 126
Event: 2.801 Thread 0x0000000017114800 Uncommon trap: reason=bimorphic action=maybe_recompile pc=0x0000000003223f4c method=java.util.HashMap.getNode(ILjava/lang/Object;)Ljava/util/HashMap$Node; @ 126
Event: 2.801 Thread 0x0000000017114800 Uncommon trap: reason=bimorphic action=maybe_recompile pc=0x0000000003223f4c method=java.util.HashMap.getNode(ILjava/lang/Object;)Ljava/util/HashMap$Node; @ 126
Event: 3.376 Thread 0x0000000017105000 Uncommon trap: reason=unstable_if action=reinterpret pc=0x00000000032634ec method=java.util.HashMap.putVal(ILjava/lang/Object;Ljava/lang/Object;ZZ)Ljava/lang/Object; @ 162
Event: 3.389 Thread 0x0000000017105000 Uncommon trap: reason=unstable_if action=reinterpret pc=0x00000000033a99e8 method=java.util.HashMap.getNode(ILjava/lang/Object;)Ljava/util/HashMap$Node; @ 84
Event: 3.707 Thread 0x0000000017105000 Uncommon trap: reason=unstable_if action=reinterpret pc=0x00000000032add74 method=java.util.HashMap.putVal(ILjava/lang/Object;Ljava/lang/Object;ZZ)Ljava/lang/Object; @ 162
Event: 3.711 Thread 0x0000000002d80800 Uncommon trap: reason=unstable_if action=reinterpret pc=0x0000000003448f20 method=java.util.HashMap.putVal(ILjava/lang/Object;Ljava/lang/Object;ZZ)Ljava/lang/Object; @ 109
Event: 6.461 Thread 0x0000000017105000 Uncommon trap: reason=unstable_if action=reinterpret pc=0x00000000032df4bc method=com.android.dx.util.IntList.binarysearch(I)I @ 105

Internal exceptions (6 events):
Event: 1.181 Thread 0x0000000002d80800 Exception <a 'java/lang/NoSuchMethodError': Method sun.misc.Unsafe.defineClass(Ljava/lang/String;[BII)Ljava/lang/Class; name or signature does not match> (0x00000000eab07ca8) thrown at [C:\re\workspace\8-2-build-windows-amd64-cygwin\jdk8u121\8372\hotspot\
Event: 1.181 Thread 0x0000000002d80800 Exception <a 'java/lang/NoSuchMethodError': Method sun.misc.Unsafe.prefetchRead(Ljava/lang/Object;J)V name or signature does not match> (0x00000000eab07f90) thrown at [C:\re\workspace\8-2-build-windows-amd64-cygwin\jdk8u121\8372\hotspot\src\share\vm\prims
Event: 2.388 Thread 0x0000000017105000 Implicit null exception at 0x0000000003172936 to 0x00000000031741f1
Event: 3.378 Thread 0x0000000017105000 Exception <a 'java/lang/ArrayIndexOutOfBoundsException': 18> (0x00000000eb0055b0) thrown at [C:\re\workspace\8-2-build-windows-amd64-cygwin\jdk8u121\8372\hotspot\src\share\vm\interpreter\interpreterRuntime.cpp, line 366]
Event: 3.379 Thread 0x0000000017105000 Exception <a 'java/lang/ArrayIndexOutOfBoundsException': 145> (0x00000000eb007130) thrown at [C:\re\workspace\8-2-build-windows-amd64-cygwin\jdk8u121\8372\hotspot\src\share\vm\interpreter\interpreterRuntime.cpp, line 366]
Event: 3.388 Thread 0x0000000017105000 Exception <a 'java/lang/ArrayIndexOutOfBoundsException'> (0x00000000eb008418) thrown at [C:\re\workspace\8-2-build-windows-amd64-cygwin\jdk8u121\8372\hotspot\src\share\vm\runtime\sharedRuntime.cpp, line 605]

Events (10 events):
Event: 3.711 Thread 0x0000000002d80800 Uncommon trap: trap_request=0xffffff65 fr.pc=0x0000000003448f20
Event: 3.711 Thread 0x0000000002d80800 DEOPT PACKING pc=0x0000000003448f20 sp=0x0000000002cdd6e0
Event: 3.711 Thread 0x0000000002d80800 DEOPT UNPACKING pc=0x0000000002ec582a sp=0x0000000002cdd670 mode 2
Event: 4.025 Executing VM operation: ParallelGCFailedAllocation
Event: 6.420 Executing VM operation: ParallelGCFailedAllocation done
Event: 6.461 Thread 0x0000000017105000 Uncommon trap: trap_request=0xffffff65 fr.pc=0x00000000032df4bc
Event: 6.461 Thread 0x0000000017105000 DEOPT PACKING pc=0x00000000032df4bc sp=0x000000001758e870
Event: 6.461 Thread 0x0000000017105000 DEOPT UNPACKING pc=0x0000000002ec582a sp=0x000000001758e7e8 mode 2
Event: 6.469 Thread 0x0000000017105000 DEOPT PACKING pc=0x000000000327aa84 sp=0x000000001758e7d0
Event: 6.469 Thread 0x0000000017105000 DEOPT UNPACKING pc=0x0000000002ec787f sp=0x000000001758e598 mode 0


Dynamic libraries:
0x00007ff775d00000 - 0x00007ff775d37000 	F:\Mine\java\JDK\bin\java.exe
0x00007ffecd640000 - 0x00007ffecd812000 	C:\Windows\SYSTEM32\ntdll.dll
0x00007ffecb2c0000 - 0x00007ffecb36c000 	C:\Windows\System32\KERNEL32.DLL
0x00007ffec9cc0000 - 0x00007ffec9edd000 	C:\Windows\System32\KERNELBASE.dll
0x00007ffecd450000 - 0x00007ffecd4f2000 	C:\Windows\System32\ADVAPI32.dll
0x00007ffecd3b0000 - 0x00007ffecd44e000 	C:\Windows\System32\msvcrt.dll
0x00007ffecb500000 - 0x00007ffecb559000 	C:\Windows\System32\sechost.dll
0x00007ffecb3d0000 - 0x00007ffecb4f1000 	C:\Windows\System32\RPCRT4.dll
0x00007ffecd240000 - 0x00007ffecd3a5000 	C:\Windows\System32\USER32.dll
0x00007ffeca890000 - 0x00007ffeca8ae000 	C:\Windows\System32\win32u.dll
0x00007ffecb0a0000 - 0x00007ffecb0d4000 	C:\Windows\System32\GDI32.dll
0x00007ffec9b40000 - 0x00007ffec9cc0000 	C:\Windows\System32\gdi32full.dll
0x00007ffebd1c0000 - 0x00007ffebd43a000 	C:\Windows\WinSxS\amd64_microsoft.windows.common-controls_6595b64144ccf1df_6.0.14393.953_none_42151e83c686086b\COMCTL32.dll
0x00007ffeccf70000 - 0x00007ffecd238000 	C:\Windows\System32\combase.dll
0x00007ffecaa20000 - 0x00007ffecab15000 	C:\Windows\System32\ucrtbase.dll
0x00007ffeca960000 - 0x00007ffeca9ca000 	C:\Windows\System32\bcryptPrimitives.dll
0x00007ffecabd0000 - 0x00007ffecabfe000 	C:\Windows\System32\IMM32.DLL
0x00007ffec97e0000 - 0x00007ffec98cb000 	C:\Windows\system32\guard64.dll
0x00007ffec97d0000 - 0x00007ffec97da000 	C:\Windows\system32\version.dll
0x00007ffecd500000 - 0x00007ffecd638000 	C:\Windows\System32\ole32.dll
0x00007ffec97c0000 - 0x00007ffec97ca000 	C:\Windows\system32\fltlib.dll
0x00007ffec9780000 - 0x00007ffec97b2000 	C:\Windows\SYSTEM32\ntmarta.dll
0x0000000069770000 - 0x0000000069842000 	F:\Mine\java\JDK\jre\bin\msvcr100.dll
0x0000000068ed0000 - 0x000000006976b000 	F:\Mine\java\JDK\jre\bin\server\jvm.dll
0x00007ffeccdc0000 - 0x00007ffeccdc8000 	C:\Windows\System32\PSAPI.DLL
0x00007ffebb330000 - 0x00007ffebb339000 	C:\Windows\SYSTEM32\WSOCK32.dll
0x00007ffecb7c0000 - 0x00007ffecb82a000 	C:\Windows\System32\WS2_32.dll
0x00007ffec76a0000 - 0x00007ffec76c3000 	C:\Windows\SYSTEM32\WINMM.dll
0x00007ffec7640000 - 0x00007ffec766b000 	C:\Windows\SYSTEM32\WINMMBASE.dll
0x00007ffeca9d0000 - 0x00007ffecaa12000 	C:\Windows\System32\cfgmgr32.dll
0x0000000068ec0000 - 0x0000000068ecf000 	F:\Mine\java\JDK\jre\bin\verify.dll
0x0000000068e90000 - 0x0000000068eb9000 	F:\Mine\java\JDK\jre\bin\java.dll
0x0000000068e70000 - 0x0000000068e86000 	F:\Mine\java\JDK\jre\bin\zip.dll
0x00007ffecb8b0000 - 0x00007ffeccdb8000 	C:\Windows\System32\SHELL32.dll
0x00007ffeca1b0000 - 0x00007ffeca888000 	C:\Windows\System32\windows.storage.dll
0x00007ffec9ac0000 - 0x00007ffec9b0c000 	C:\Windows\System32\powrprof.dll
0x00007ffecb370000 - 0x00007ffecb3c2000 	C:\Windows\System32\shlwapi.dll
0x00007ffec9b30000 - 0x00007ffec9b3f000 	C:\Windows\System32\kernel.appcore.dll
0x00007ffeca8b0000 - 0x00007ffeca959000 	C:\Windows\System32\shcore.dll
0x00007ffec9b10000 - 0x00007ffec9b24000 	C:\Windows\System32\profapi.dll

VM Arguments:
jvm_args: -Djava.awt.headless=true -Xmx1024M -Dfile.encoding=windows-1251 -Duser.country=RU -Duser.language=ru -Duser.variant 
java_command: com.android.dx.command.Main --dex --force-jumbo --num-threads=4 --multi-dex --output F:\Mine\java\projects\Graphik\MyGrafik\app\build\intermediates\transforms\dex\debug\folders\1000\10\com.android.support-recyclerview-v7-25.0.1_8e5bcc5f744ab072ddef3a833fbb9637e26f432a F:\Mine\java\projects\Graphik\MyGrafik\app\build\intermediates\exploded-aar\com.android.support\recyclerview-v7\25.0.1\jars\classes.jar
java_class_path (initial): F:\Mine\java\SDK\build-tools\25.0.2\lib\dx.jar
Launcher Type: SUN_STANDARD

Environment Variables:
PATH=C:\ProgramData\Oracle\Java\javapath;C:\Windows\system32;C:\Windows;C:\Windows\System32\Wbem;C:\Windows\System32\WindowsPowerShell\v1.0\;C:\Program Files (x86)\Skype\Phone\;C:\Program Files (x86)\GtkSharp\2.12\bin;C:\Users\User\AppData\Local\Microsoft\WindowsApps;
USERNAME=User
OS=Windows_NT
PROCESSOR_IDENTIFIER=Intel64 Family 6 Model 61 Stepping 4, GenuineIntel



---------------  S Y S T E M  ---------------

OS: Windows 10.0 , 64 bit Build 14393 (10.0.14393.1198)

CPU:total 4 (2 cores per cpu, 2 threads per core) family 6 model 61 stepping 4, cmov, cx8, fxsr, mmx, sse, sse2, sse3, ssse3, sse4.1, sse4.2, popcnt, avx, avx2, aes, clmul, erms, 3dnowpref, lzcnt, ht, tsc, tscinvbit, bmi1, bmi2, adx

Memory: 4k page, physical 4107596k(786140k free), swap 5287244k(9420k free)

vm_info: Java HotSpot(TM) 64-Bit Server VM (25.121-b13) for windows-amd64 JRE (1.8.0_121-b13), built on Dec 12 2016 18:21:36 by "java_re" with MS VC++ 10.0 (VS2010)

time: Tue Nov 21 22:40:52 2017
elapsed time: 8 seconds (0d 0h 0m 8s)

