#
# There is insufficient memory for the Java Runtime Environment to continue.
# Native memory allocation (malloc) failed to allocate 32744 bytes for ChunkPool::allocate
# Possible reasons:
#   The system is out of physical RAM or swap space
#   In 32 bit mode, the process size limit was hit
# Possible solutions:
#   Reduce memory load on the system
#   Increase physical memory or swap space
#   Check if swap backing store is full
#   Use 64 bit Java on a 64 bit OS
#   Decrease Java heap size (-Xmx/-Xms)
#   Decrease number of Java threads
#   Decrease Java thread stack sizes (-Xss)
#   Set larger code cache with -XX:ReservedCodeCacheSize=
# This output file may be truncated or incomplete.
#
#  Out of Memory Error (allocation.cpp:273), pid=4992, tid=0x000000000000205c
#
# JRE version: Java(TM) SE Runtime Environment (8.0_121-b13) (build 1.8.0_121-b13)
# Java VM: Java HotSpot(TM) 64-Bit Server VM (25.121-b13 mixed mode windows-amd64 compressed oops)
# Failed to write core dump. Minidumps are not enabled by default on client versions of Windows
#

---------------  T H R E A D  ---------------

Current thread (0x0000000014f8a000):  JavaThread "C1 CompilerThread2" daemon [_thread_in_native, id=8284, stack(0x0000000016790000,0x0000000016890000)]

Stack: [0x0000000016790000,0x0000000016890000]
[error occurred during error reporting (printing stack bounds), id 0xc0000005]

Native frames: (J=compiled Java code, j=interpreted, Vv=VM code, C=native code)


Current CompileTask:
C1:   7510   46  s!   3       sun.misc.URLClassPath::getLoader (243 bytes)


---------------  P R O C E S S  ---------------

Java Threads: ( => current thread )
  0x0000000016892800 JavaThread "Service Thread" daemon [_thread_blocked, id=5736, stack(0x0000000016c90000,0x0000000016d90000)]
=>0x0000000014f8a000 JavaThread "C1 CompilerThread2" daemon [_thread_in_native, id=8284, stack(0x0000000016790000,0x0000000016890000)]
  0x0000000014f31800 JavaThread "C2 CompilerThread1" daemon [_thread_blocked, id=10332, stack(0x0000000016690000,0x0000000016790000)]
  0x0000000014f2e000 JavaThread "C2 CompilerThread0" daemon [_thread_blocked, id=3396, stack(0x0000000016590000,0x0000000016690000)]
  0x0000000014f2d000 JavaThread "Attach Listener" daemon [_thread_blocked, id=11908, stack(0x0000000016490000,0x0000000016590000)]
  0x0000000014f2b800 JavaThread "Signal Dispatcher" daemon [_thread_blocked, id=10548, stack(0x0000000016390000,0x0000000016490000)]
  0x0000000014f1a000 JavaThread "Finalizer" daemon [_thread_blocked, id=9132, stack(0x00000000161a0000,0x00000000162a0000)]
  0x0000000014ef8800 JavaThread "Reference Handler" daemon [_thread_blocked, id=3660, stack(0x00000000160a0000,0x00000000161a0000)]
  0x0000000002760800 JavaThread "main" [_thread_in_native, id=4652, stack(0x00000000025e0000,0x00000000026e0000)]

Other Threads:
  0x0000000014ef6000 VMThread [stack: 0x0000000015fa0000,0x00000000160a0000] [id=7076]
  0x0000000016897000 WatcherThread [stack: 0x0000000016d90000,0x0000000016e90000] [id=9648]

VM state:not at safepoint (normal execution)

VM Mutex/Monitor currently owned by a thread: None

Heap:
 PSYoungGen      total 18944K, used 1638K [0x00000000eab00000, 0x00000000ec000000, 0x0000000100000000)
  eden space 16384K, 10% used [0x00000000eab00000,0x00000000eac99af8,0x00000000ebb00000)
  from space 2560K, 0% used [0x00000000ebd80000,0x00000000ebd80000,0x00000000ec000000)
  to   space 2560K, 0% used [0x00000000ebb00000,0x00000000ebb00000,0x00000000ebd80000)
 ParOldGen       total 44032K, used 0K [0x00000000c0000000, 0x00000000c2b00000, 0x00000000eab00000)
  object space 44032K, 0% used [0x00000000c0000000,0x00000000c0000000,0x00000000c2b00000)
 Metaspace       used 3309K, capacity 4656K, committed 4864K, reserved 1056768K
  class space    used 369K, capacity 424K, committed 512K, reserved 1048576K

Card table byte_map: [0x0000000011c20000,0x0000000011e30000] byte_map_base: 0x0000000011620000

Marking Bits: (ParMarkBitMap*) 0x00000000696eb6d0
 Begin Bits: [0x0000000012390000, 0x0000000013390000)
 End Bits:   [0x0000000013390000, 0x0000000014390000)

Polling page: 0x0000000000cf0000

CodeCache: size=245760Kb used=1133Kb max_used=1133Kb free=244626Kb
 bounds [0x0000000002860000, 0x0000000002ad0000, 0x0000000011860000]
 total_blobs=284 nmethods=44 adapters=153
 compilation: enabled

Compilation events (10 events):
Event: 3.472 Thread 0x0000000014f8a000 nmethod 39 0x0000000002979050 code [0x00000000029791a0, 0x0000000002979310]
Event: 3.474 Thread 0x0000000014f8a000   41       1       java.net.URL::getHost (5 bytes)
Event: 3.475 Thread 0x0000000014f8a000 nmethod 41 0x0000000002979390 code [0x00000000029794e0, 0x00000000029795f0]
Event: 3.475 Thread 0x0000000014f8a000   42       1       java.net.URL::getProtocol (5 bytes)
Event: 3.475 Thread 0x0000000014f8a000 nmethod 42 0x0000000002979650 code [0x00000000029797a0, 0x00000000029798b0]
Event: 3.481 Thread 0x0000000014f8a000   44       3       java.util.HashMap::getNode (148 bytes)
Event: 3.482 Thread 0x0000000014f8a000 nmethod 44 0x000000000297a190 code [0x000000000297a360, 0x000000000297ad08]
Event: 3.482 Thread 0x0000000014f8a000   43       3       java.lang.AbstractStringBuilder::newCapacity (39 bytes)
Event: 3.482 Thread 0x0000000014f8a000 nmethod 43 0x000000000297afd0 code [0x000000000297b160, 0x000000000297b548]
Event: 3.482 Thread 0x0000000014f8a000   46  s!   3       sun.misc.URLClassPath::getLoader (243 bytes)

GC Heap History (0 events):
No events

Deoptimization events (0 events):
No events

Internal exceptions (2 events):
Event: 0.108 Thread 0x0000000002760800 Exception <a 'java/lang/NoSuchMethodError': Method sun.misc.Unsafe.defineClass(Ljava/lang/String;[BII)Ljava/lang/Class; name or signature does not match> (0x00000000eab07ca8) thrown at [C:\re\workspace\8-2-build-windows-amd64-cygwin\jdk8u121\8372\hotspot\
Event: 0.108 Thread 0x0000000002760800 Exception <a 'java/lang/NoSuchMethodError': Method sun.misc.Unsafe.prefetchRead(Ljava/lang/Object;J)V name or signature does not match> (0x00000000eab07f90) thrown at [C:\re\workspace\8-2-build-windows-amd64-cygwin\jdk8u121\8372\hotspot\src\share\vm\prims

Events (10 events):
Event: 3.480 loading class java/util/concurrent/Executors$DefaultThreadFactory
Event: 3.480 loading class java/util/concurrent/ThreadFactory
Event: 3.480 loading class java/util/concurrent/ThreadFactory done
Event: 3.480 loading class java/util/concurrent/Executors$DefaultThreadFactory done
Event: 3.481 loading class com/android/dx/dex/file/DexFile
Event: 3.481 loading class com/android/dx/dex/file/DexFile done
Event: 3.482 loading class com/android/dx/dex/file/Section
Event: 3.482 loading class com/android/dx/dex/file/Section done
Event: 3.482 loading class com/android/dx/dex/file/MixedItemSection
Event: 3.482 loading class com/android/dx/dex/file/MixedItemSection done


Dynamic libraries:
0x00007ff775d00000 - 0x00007ff775d37000 	F:\Mine\java\JDK\bin\java.exe
0x00007ffecd640000 - 0x00007ffecd812000 	C:\Windows\SYSTEM32\ntdll.dll
0x00007ffecb2c0000 - 0x00007ffecb36c000 	C:\Windows\System32\KERNEL32.DLL
0x00007ffec9cc0000 - 0x00007ffec9edd000 	C:\Windows\System32\KERNELBASE.dll
0x00007ffecd450000 - 0x00007ffecd4f2000 	C:\Windows\System32\ADVAPI32.dll
0x00007ffecd3b0000 - 0x00007ffecd44e000 	C:\Windows\System32\msvcrt.dll
0x00007ffecb500000 - 0x00007ffecb559000 	C:\Windows\System32\sechost.dll
0x00007ffecb3d0000 - 0x00007ffecb4f1000 	C:\Windows\System32\RPCRT4.dll
0x00007ffecd240000 - 0x00007ffecd3a5000 	C:\Windows\System32\USER32.dll
0x00007ffeca890000 - 0x00007ffeca8ae000 	C:\Windows\System32\win32u.dll
0x00007ffecb0a0000 - 0x00007ffecb0d4000 	C:\Windows\System32\GDI32.dll
0x00007ffec9b40000 - 0x00007ffec9cc0000 	C:\Windows\System32\gdi32full.dll
0x00007ffebd1c0000 - 0x00007ffebd43a000 	C:\Windows\WinSxS\amd64_microsoft.windows.common-controls_6595b64144ccf1df_6.0.14393.953_none_42151e83c686086b\COMCTL32.dll
0x00007ffeccf70000 - 0x00007ffecd238000 	C:\Windows\System32\combase.dll
0x00007ffecaa20000 - 0x00007ffecab15000 	C:\Windows\System32\ucrtbase.dll
0x00007ffeca960000 - 0x00007ffeca9ca000 	C:\Windows\System32\bcryptPrimitives.dll
0x00007ffecabd0000 - 0x00007ffecabfe000 	C:\Windows\System32\IMM32.DLL
0x00007ffec97e0000 - 0x00007ffec98cb000 	C:\Windows\system32\guard64.dll
0x00007ffec97d0000 - 0x00007ffec97da000 	C:\Windows\system32\version.dll
0x00007ffecd500000 - 0x00007ffecd638000 	C:\Windows\System32\ole32.dll
0x00007ffec97c0000 - 0x00007ffec97ca000 	C:\Windows\system32\fltlib.dll
0x00007ffec9780000 - 0x00007ffec97b2000 	C:\Windows\SYSTEM32\ntmarta.dll
0x0000000069770000 - 0x0000000069842000 	F:\Mine\java\JDK\jre\bin\msvcr100.dll
0x0000000068ed0000 - 0x000000006976b000 	F:\Mine\java\JDK\jre\bin\server\jvm.dll
0x00007ffeccdc0000 - 0x00007ffeccdc8000 	C:\Windows\System32\PSAPI.DLL
0x00007ffebb330000 - 0x00007ffebb339000 	C:\Windows\SYSTEM32\WSOCK32.dll
0x00007ffecb7c0000 - 0x00007ffecb82a000 	C:\Windows\System32\WS2_32.dll
0x00007ffec76a0000 - 0x00007ffec76c3000 	C:\Windows\SYSTEM32\WINMM.dll
0x00007ffec7640000 - 0x00007ffec766b000 	C:\Windows\SYSTEM32\WINMMBASE.dll
0x00007ffeca9d0000 - 0x00007ffecaa12000 	C:\Windows\System32\cfgmgr32.dll
0x0000000068ec0000 - 0x0000000068ecf000 	F:\Mine\java\JDK\jre\bin\verify.dll
0x0000000068e90000 - 0x0000000068eb9000 	F:\Mine\java\JDK\jre\bin\java.dll
0x0000000068e70000 - 0x0000000068e86000 	F:\Mine\java\JDK\jre\bin\zip.dll
0x00007ffecb8b0000 - 0x00007ffeccdb8000 	C:\Windows\System32\SHELL32.dll
0x00007ffeca1b0000 - 0x00007ffeca888000 	C:\Windows\System32\windows.storage.dll
0x00007ffec9ac0000 - 0x00007ffec9b0c000 	C:\Windows\System32\powrprof.dll
0x00007ffecb370000 - 0x00007ffecb3c2000 	C:\Windows\System32\shlwapi.dll
0x00007ffec9b30000 - 0x00007ffec9b3f000 	C:\Windows\System32\kernel.appcore.dll
0x00007ffeca8b0000 - 0x00007ffeca959000 	C:\Windows\System32\shcore.dll
0x00007ffec9b10000 - 0x00007ffec9b24000 	C:\Windows\System32\profapi.dll

VM Arguments:
jvm_args: -Djava.awt.headless=true -Xmx1024M -Dfile.encoding=windows-1251 -Duser.country=RU -Duser.language=ru -Duser.variant 
java_command: com.android.dx.command.Main --dex --force-jumbo --num-threads=4 --multi-dex --output F:\Mine\java\projects\Graphik\MyGrafik\app\build\intermediates\transforms\dex\debug\folders\1000\5\slice_9 F:\Mine\java\projects\Graphik\MyGrafik\app\build\intermediates\transforms\instantRunSlicer\debug\folders\1\5\slice_9
java_class_path (initial): F:\Mine\java\SDK\build-tools\25.0.2\lib\dx.jar
Launcher Type: SUN_STANDARD

Environment Variables:
PATH=C:\ProgramData\Oracle\Java\javapath;C:\Windows\system32;C:\Windows;C:\Windows\System32\Wbem;C:\Windows\System32\WindowsPowerShell\v1.0\;C:\Program Files (x86)\Skype\Phone\;C:\Program Files (x86)\GtkSharp\2.12\bin;C:\Users\User\AppData\Local\Microsoft\WindowsApps;
USERNAME=User
OS=Windows_NT
PROCESSOR_IDENTIFIER=Intel64 Family 6 Model 61 Stepping 4, GenuineIntel



---------------  S Y S T E M  ---------------

OS: Windows 10.0 , 64 bit Build 14393 (10.0.14393.1198)

CPU:total 4 (2 cores per cpu, 2 threads per core) family 6 model 61 stepping 4, cmov, cx8, fxsr, mmx, sse, sse2, sse3, ssse3, sse4.1, sse4.2, popcnt, avx, avx2, aes, clmul, erms, 3dnowpref, lzcnt, ht, tsc, tscinvbit, bmi1, bmi2, adx

Memory: 4k page, physical 4107596k(760912k free), swap 5287244k(40k free)

vm_info: Java HotSpot(TM) 64-Bit Server VM (25.121-b13) for windows-amd64 JRE (1.8.0_121-b13), built on Dec 12 2016 18:21:36 by "java_re" with MS VC++ 10.0 (VS2010)

time: Tue Nov 21 22:42:31 2017
elapsed time: 7 seconds (0d 0h 0m 7s)

