#
# There is insufficient memory for the Java Runtime Environment to continue.
# Native memory allocation (malloc) failed to allocate 1048576 bytes for AllocateHeap
# Possible reasons:
#   The system is out of physical RAM or swap space
#   In 32 bit mode, the process size limit was hit
# Possible solutions:
#   Reduce memory load on the system
#   Increase physical memory or swap space
#   Check if swap backing store is full
#   Use 64 bit Java on a 64 bit OS
#   Decrease Java heap size (-Xmx/-Xms)
#   Decrease number of Java threads
#   Decrease Java thread stack sizes (-Xss)
#   Set larger code cache with -XX:ReservedCodeCacheSize=
# This output file may be truncated or incomplete.
#
#  Out of Memory Error (memory/allocation.inline.hpp:61), pid=200, tid=0x000000000000265c
#
# JRE version:  (8.0_121-b13) (build )
# Java VM: Java HotSpot(TM) 64-Bit Server VM (25.121-b13 mixed mode windows-amd64 compressed oops)
# Failed to write core dump. Minidumps are not enabled by default on client versions of Windows
#

---------------  T H R E A D  ---------------

Current thread (0x0000000002bb0800):  JavaThread "Unknown thread" [_thread_in_vm, id=9820, stack(0x0000000002d40000,0x0000000002e40000)]

Stack: [0x0000000002d40000,0x0000000002e40000]
[error occurred during error reporting (printing stack bounds), id 0xc0000005]

Native frames: (J=compiled Java code, j=interpreted, Vv=VM code, C=native code)


---------------  P R O C E S S  ---------------

Java Threads: ( => current thread )

Other Threads:

=>0x0000000002bb0800 (exited) JavaThread "Unknown thread" [_thread_in_vm, id=9820, stack(0x0000000002d40000,0x0000000002e40000)]

VM state:not at safepoint (normal execution)

VM Mutex/Monitor currently owned by a thread: None

Heap:
 PSYoungGen      total 18944K, used 327K [0x00000000eab00000, 0x00000000ec000000, 0x0000000100000000)
  eden space 16384K, 2% used [0x00000000eab00000,0x00000000eab51ec8,0x00000000ebb00000)
  from space 2560K, 0% used [0x00000000ebd80000,0x00000000ebd80000,0x00000000ec000000)
  to   space 2560K, 0% used [0x00000000ebb00000,0x00000000ebb00000,0x00000000ebd80000)
 ParOldGen       total 44032K, used 0K [0x00000000c0000000, 0x00000000c2b00000, 0x00000000eab00000)
  object space 44032K, 0% used [0x00000000c0000000,0x00000000c0000000,0x00000000c2b00000)
 Metaspace       used 770K, capacity 4480K, committed 4480K, reserved 1056768K
  class space    used 75K, capacity 384K, committed 384K, reserved 1048576K

Card table byte_map: [0x0000000012200000,0x0000000012410000] byte_map_base: 0x0000000011c00000

Marking Bits: (ParMarkBitMap*) 0x00000000696eb6d0
 Begin Bits: [0x0000000012970000, 0x0000000013970000)
 End Bits:   [0x0000000013970000, 0x0000000014970000)

Polling page: 0x0000000001320000

CodeCache: size=245760Kb used=328Kb max_used=328Kb free=245431Kb
 bounds [0x0000000002e40000, 0x00000000030b0000, 0x0000000011e40000]
 total_blobs=58 nmethods=0 adapters=38
 compilation: enabled

Compilation events (0 events):
No events

GC Heap History (0 events):
No events

Deoptimization events (0 events):
No events

Internal exceptions (0 events):
No events

Events (10 events):
Event: 0.061 loading class java/lang/Short
Event: 0.061 loading class java/lang/Short done
Event: 0.061 loading class java/lang/Integer
Event: 0.061 loading class java/lang/Integer done
Event: 0.061 loading class java/lang/Long
Event: 0.062 loading class java/lang/Long done
Event: 0.063 loading class java/lang/NullPointerException
Event: 0.063 loading class java/lang/NullPointerException done
Event: 0.063 loading class java/lang/ArithmeticException
Event: 0.064 loading class java/lang/ArithmeticException done


Dynamic libraries:
0x00007ff775d00000 - 0x00007ff775d37000 	F:\Mine\java\JDK\bin\java.exe
0x00007ffecd640000 - 0x00007ffecd812000 	C:\Windows\SYSTEM32\ntdll.dll
0x00007ffecb2c0000 - 0x00007ffecb36c000 	C:\Windows\System32\KERNEL32.DLL
0x00007ffec9cc0000 - 0x00007ffec9edd000 	C:\Windows\System32\KERNELBASE.dll
0x00007ffecd450000 - 0x00007ffecd4f2000 	C:\Windows\System32\ADVAPI32.dll
0x00007ffecd3b0000 - 0x00007ffecd44e000 	C:\Windows\System32\msvcrt.dll
0x00007ffecb500000 - 0x00007ffecb559000 	C:\Windows\System32\sechost.dll
0x00007ffecb3d0000 - 0x00007ffecb4f1000 	C:\Windows\System32\RPCRT4.dll
0x00007ffecd240000 - 0x00007ffecd3a5000 	C:\Windows\System32\USER32.dll
0x00007ffeca890000 - 0x00007ffeca8ae000 	C:\Windows\System32\win32u.dll
0x00007ffecb0a0000 - 0x00007ffecb0d4000 	C:\Windows\System32\GDI32.dll
0x00007ffec9b40000 - 0x00007ffec9cc0000 	C:\Windows\System32\gdi32full.dll
0x00007ffebd1c0000 - 0x00007ffebd43a000 	C:\Windows\WinSxS\amd64_microsoft.windows.common-controls_6595b64144ccf1df_6.0.14393.953_none_42151e83c686086b\COMCTL32.dll
0x00007ffeccf70000 - 0x00007ffecd238000 	C:\Windows\System32\combase.dll
0x00007ffecaa20000 - 0x00007ffecab15000 	C:\Windows\System32\ucrtbase.dll
0x00007ffeca960000 - 0x00007ffeca9ca000 	C:\Windows\System32\bcryptPrimitives.dll
0x00007ffecabd0000 - 0x00007ffecabfe000 	C:\Windows\System32\IMM32.DLL
0x00007ffec97e0000 - 0x00007ffec98cb000 	C:\Windows\system32\guard64.dll
0x00007ffec97d0000 - 0x00007ffec97da000 	C:\Windows\system32\version.dll
0x00007ffecd500000 - 0x00007ffecd638000 	C:\Windows\System32\ole32.dll
0x00007ffec97c0000 - 0x00007ffec97ca000 	C:\Windows\system32\fltlib.dll
0x00007ffec9780000 - 0x00007ffec97b2000 	C:\Windows\SYSTEM32\ntmarta.dll
0x0000000069770000 - 0x0000000069842000 	F:\Mine\java\JDK\jre\bin\msvcr100.dll
0x0000000068ed0000 - 0x000000006976b000 	F:\Mine\java\JDK\jre\bin\server\jvm.dll
0x00007ffeccdc0000 - 0x00007ffeccdc8000 	C:\Windows\System32\PSAPI.DLL
0x00007ffebb330000 - 0x00007ffebb339000 	C:\Windows\SYSTEM32\WSOCK32.dll
0x00007ffecb7c0000 - 0x00007ffecb82a000 	C:\Windows\System32\WS2_32.dll
0x00007ffec76a0000 - 0x00007ffec76c3000 	C:\Windows\SYSTEM32\WINMM.dll
0x00007ffec7640000 - 0x00007ffec766b000 	C:\Windows\SYSTEM32\WINMMBASE.dll
0x00007ffeca9d0000 - 0x00007ffecaa12000 	C:\Windows\System32\cfgmgr32.dll
0x0000000068ec0000 - 0x0000000068ecf000 	F:\Mine\java\JDK\jre\bin\verify.dll
0x0000000068e90000 - 0x0000000068eb9000 	F:\Mine\java\JDK\jre\bin\java.dll
0x0000000068e70000 - 0x0000000068e86000 	F:\Mine\java\JDK\jre\bin\zip.dll

VM Arguments:
jvm_args: -Djava.awt.headless=true -Xmx1024M -Dfile.encoding=windows-1251 -Duser.country=RU -Duser.language=ru -Duser.variant 
java_command: com.android.dx.command.Main --dex --force-jumbo --num-threads=4 --multi-dex --output F:\Mine\java\projects\Graphik\MyGrafik\app\build\intermediates\transforms\dex\debug\folders\1000\5\slice_2 F:\Mine\java\projects\Graphik\MyGrafik\app\build\intermediates\transforms\instantRunSlicer\debug\folders\1\5\slice_2
java_class_path (initial): F:\Mine\java\SDK\build-tools\25.0.2\lib\dx.jar
Launcher Type: SUN_STANDARD

Environment Variables:
PATH=C:\ProgramData\Oracle\Java\javapath;C:\Windows\system32;C:\Windows;C:\Windows\System32\Wbem;C:\Windows\System32\WindowsPowerShell\v1.0\;C:\Program Files (x86)\Skype\Phone\;C:\Program Files (x86)\GtkSharp\2.12\bin;C:\Users\User\AppData\Local\Microsoft\WindowsApps;
USERNAME=User
OS=Windows_NT
PROCESSOR_IDENTIFIER=Intel64 Family 6 Model 61 Stepping 4, GenuineIntel



---------------  S Y S T E M  ---------------

OS: Windows 10.0 , 64 bit Build 14393 (10.0.14393.1198)

CPU:total 4 (2 cores per cpu, 2 threads per core) family 6 model 61 stepping 4, cmov, cx8, fxsr, mmx, sse, sse2, sse3, ssse3, sse4.1, sse4.2, popcnt, avx, avx2, aes, clmul, erms, 3dnowpref, lzcnt, ht, tsc, tscinvbit, bmi1, bmi2, adx

Memory: 4k page, physical 4107596k(787652k free), swap 5287244k(146408k free)

vm_info: Java HotSpot(TM) 64-Bit Server VM (25.121-b13) for windows-amd64 JRE (1.8.0_121-b13), built on Dec 12 2016 18:21:36 by "java_re" with MS VC++ 10.0 (VS2010)

time: Tue Nov 21 22:42:22 2017
elapsed time: 2 seconds (0d 0h 0m 2s)

