#
# There is insufficient memory for the Java Runtime Environment to continue.
# Native memory allocation (malloc) failed to allocate 248176 bytes for Chunk::new
# Possible reasons:
#   The system is out of physical RAM or swap space
#   In 32 bit mode, the process size limit was hit
# Possible solutions:
#   Reduce memory load on the system
#   Increase physical memory or swap space
#   Check if swap backing store is full
#   Use 64 bit Java on a 64 bit OS
#   Decrease Java heap size (-Xmx/-Xms)
#   Decrease number of Java threads
#   Decrease Java thread stack sizes (-Xss)
#   Set larger code cache with -XX:ReservedCodeCacheSize=
# This output file may be truncated or incomplete.
#
#  Out of Memory Error (allocation.cpp:390), pid=2512, tid=0x0000000000000e10
#
# JRE version: Java(TM) SE Runtime Environment (8.0_121-b13) (build 1.8.0_121-b13)
# Java VM: Java HotSpot(TM) 64-Bit Server VM (25.121-b13 mixed mode windows-amd64 compressed oops)
# Failed to write core dump. Minidumps are not enabled by default on client versions of Windows
#

---------------  T H R E A D  ---------------

Current thread (0x0000000015267800):  JavaThread "C2 CompilerThread1" daemon [_thread_in_native, id=3600, stack(0x0000000016950000,0x0000000016a50000)]

Stack: [0x0000000016950000,0x0000000016a50000]
[error occurred during error reporting (printing stack bounds), id 0xc0000005]

Native frames: (J=compiled Java code, j=interpreted, Vv=VM code, C=native code)


Current CompileTask:
C2:  12350 2098 %     4       com.android.dx.dex.code.OutputFinisher::calculateReservedCount @ 16 (122 bytes)


---------------  P R O C E S S  ---------------

Java Threads: ( => current thread )
  0x0000000016db5800 JavaThread "pool-1-thread-1" [_thread_in_vm, id=1892, stack(0x0000000019df0000,0x0000000019ef0000)]
  0x0000000016b51800 JavaThread "Service Thread" daemon [_thread_blocked, id=1056, stack(0x0000000016f50000,0x0000000017050000)]
  0x000000001526a800 JavaThread "C1 CompilerThread2" daemon [_thread_in_native, id=5788, stack(0x0000000016a50000,0x0000000016b50000)]
=>0x0000000015267800 JavaThread "C2 CompilerThread1" daemon [_thread_in_native, id=3600, stack(0x0000000016950000,0x0000000016a50000)]
  0x000000001520e800 JavaThread "C2 CompilerThread0" daemon [_thread_in_native, id=4016, stack(0x0000000016850000,0x0000000016950000)]
  0x000000001520d000 JavaThread "Attach Listener" daemon [_thread_blocked, id=5708, stack(0x0000000016750000,0x0000000016850000)]
  0x000000001520b800 JavaThread "Signal Dispatcher" daemon [_thread_blocked, id=4376, stack(0x0000000016650000,0x0000000016750000)]
  0x00000000151fa000 JavaThread "Finalizer" daemon [_thread_blocked, id=11204, stack(0x0000000016460000,0x0000000016560000)]
  0x00000000151d8800 JavaThread "Reference Handler" daemon [_thread_blocked, id=7192, stack(0x0000000016360000,0x0000000016460000)]
  0x0000000002760800 JavaThread "main" [_thread_blocked, id=10520, stack(0x0000000002950000,0x0000000002a50000)]

Other Threads:
  0x00000000151d6000 VMThread [stack: 0x0000000016260000,0x0000000016360000] [id=9976]
  0x0000000016b56800 WatcherThread [stack: 0x0000000017050000,0x0000000017150000] [id=10932]

VM state:not at safepoint (normal execution)

VM Mutex/Monitor currently owned by a thread:  ([mutex/lock_event])
[0x000000000102b890] AdapterHandlerLibrary_lock - owner thread: 0x0000000016db5800

Heap:
 PSYoungGen      total 68096K, used 3518K [0x00000000eab00000, 0x00000000ef000000, 0x0000000100000000)
  eden space 65536K, 1% used [0x00000000eab00000,0x00000000eabf43c8,0x00000000eeb00000)
  from space 2560K, 99% used [0x00000000eeb00000,0x00000000eed7b520,0x00000000eed80000)
  to   space 2560K, 0% used [0x00000000eed80000,0x00000000eed80000,0x00000000ef000000)
 ParOldGen       total 44032K, used 22331K [0x00000000c0000000, 0x00000000c2b00000, 0x00000000eab00000)
  object space 44032K, 50% used [0x00000000c0000000,0x00000000c15cef10,0x00000000c2b00000)
 Metaspace       used 6682K, capacity 7480K, committed 7680K, reserved 1056768K
  class space    used 647K, capacity 688K, committed 768K, reserved 1048576K

Card table byte_map: [0x0000000011f00000,0x0000000012110000] byte_map_base: 0x0000000011900000

Marking Bits: (ParMarkBitMap*) 0x00000000696eb6d0
 Begin Bits: [0x0000000012670000, 0x0000000013670000)
 End Bits:   [0x0000000013670000, 0x0000000014670000)

Polling page: 0x0000000000e70000

CodeCache: size=245760Kb used=8069Kb max_used=8069Kb free=237690Kb
 bounds [0x0000000002b40000, 0x0000000003330000, 0x0000000011b40000]
 total_blobs=2333 nmethods=2068 adapters=177
 compilation: enabled

Compilation events (10 events):
Event: 10.336 Thread 0x000000001526a800 nmethod 2105 0x0000000003314dd0 code [0x0000000003314f20, 0x0000000003315070]
Event: 10.336 Thread 0x000000001526a800 2108       3       com.android.dx.dex.file.OffsettedItem::compareTo (34 bytes)
Event: 10.337 Thread 0x000000001526a800 nmethod 2108 0x000000000331c150 code [0x000000000331c300, 0x000000000331c7f8]
Event: 10.337 Thread 0x000000001526a800 2109       3       com.android.dx.dex.file.OffsettedItem::compareTo (9 bytes)
Event: 10.338 Thread 0x000000001526a800 nmethod 2109 0x000000000331f2d0 code [0x000000000331f480, 0x000000000331fb38]
Event: 10.338 Thread 0x000000001526a800 2110       3       com.android.dx.dex.file.StringDataItem::compareTo0 (17 bytes)
Event: 10.340 Thread 0x000000001526a800 nmethod 2110 0x000000000331e390 code [0x000000000331e560, 0x000000000331eed8]
Event: 10.340 Thread 0x000000001526a800 2111       3       com.android.dx.dex.file.DebugInfoItem::itemType (4 bytes)
Event: 10.340 Thread 0x000000001526a800 nmethod 2111 0x0000000003323a10 code [0x0000000003323b60, 0x0000000003323cb0]
Event: 10.340 Thread 0x000000001526a800 2104       3       com.android.dx.dex.file.AnnotationsDirectoryItem::listSize (11 bytes)

GC Heap History (10 events):
Event: 2.117 GC heap before
{Heap before GC invocations=1 (full 0):
 PSYoungGen      total 18944K, used 16384K [0x00000000eab00000, 0x00000000ec000000, 0x0000000100000000)
  eden space 16384K, 100% used [0x00000000eab00000,0x00000000ebb00000,0x00000000ebb00000)
  from space 2560K, 0% used [0x00000000ebd80000,0x00000000ebd80000,0x00000000ec000000)
  to   space 2560K, 0% used [0x00000000ebb00000,0x00000000ebb00000,0x00000000ebd80000)
 ParOldGen       total 44032K, used 0K [0x00000000c0000000, 0x00000000c2b00000, 0x00000000eab00000)
  object space 44032K, 0% used [0x00000000c0000000,0x00000000c0000000,0x00000000c2b00000)
 Metaspace       used 5768K, capacity 6710K, committed 6784K, reserved 1056768K
  class space    used 606K, capacity 622K, committed 640K, reserved 1048576K
Event: 2.159 GC heap after
Heap after GC invocations=1 (full 0):
 PSYoungGen      total 18944K, used 2551K [0x00000000eab00000, 0x00000000ed000000, 0x0000000100000000)
  eden space 16384K, 0% used [0x00000000eab00000,0x00000000eab00000,0x00000000ebb00000)
  from space 2560K, 99% used [0x00000000ebb00000,0x00000000ebd7dc78,0x00000000ebd80000)
  to   space 2560K, 0% used [0x00000000ecd80000,0x00000000ecd80000,0x00000000ed000000)
 ParOldGen       total 44032K, used 1385K [0x00000000c0000000, 0x00000000c2b00000, 0x00000000eab00000)
  object space 44032K, 3% used [0x00000000c0000000,0x00000000c015a658,0x00000000c2b00000)
 Metaspace       used 5768K, capacity 6710K, committed 6784K, reserved 1056768K
  class space    used 606K, capacity 622K, committed 640K, reserved 1048576K
}
Event: 2.588 GC heap before
{Heap before GC invocations=2 (full 0):
 PSYoungGen      total 18944K, used 18935K [0x00000000eab00000, 0x00000000ed000000, 0x0000000100000000)
  eden space 16384K, 100% used [0x00000000eab00000,0x00000000ebb00000,0x00000000ebb00000)
  from space 2560K, 99% used [0x00000000ebb00000,0x00000000ebd7dc78,0x00000000ebd80000)
  to   space 2560K, 0% used [0x00000000ecd80000,0x00000000ecd80000,0x00000000ed000000)
 ParOldGen       total 44032K, used 1385K [0x00000000c0000000, 0x00000000c2b00000, 0x00000000eab00000)
  object space 44032K, 3% used [0x00000000c0000000,0x00000000c015a658,0x00000000c2b00000)
 Metaspace       used 5994K, capacity 6902K, committed 7040K, reserved 1056768K
  class space    used 608K, capacity 622K, committed 640K, reserved 1048576K
Event: 2.641 GC heap after
Heap after GC invocations=2 (full 0):
 PSYoungGen      total 35328K, used 2547K [0x00000000eab00000, 0x00000000ed000000, 0x0000000100000000)
  eden space 32768K, 0% used [0x00000000eab00000,0x00000000eab00000,0x00000000ecb00000)
  from space 2560K, 99% used [0x00000000ecd80000,0x00000000ecffcd40,0x00000000ed000000)
  to   space 2560K, 0% used [0x00000000ecb00000,0x00000000ecb00000,0x00000000ecd80000)
 ParOldGen       total 44032K, used 3996K [0x00000000c0000000, 0x00000000c2b00000, 0x00000000eab00000)
  object space 44032K, 9% used [0x00000000c0000000,0x00000000c03e7248,0x00000000c2b00000)
 Metaspace       used 5994K, capacity 6902K, committed 7040K, reserved 1056768K
  class space    used 608K, capacity 622K, committed 640K, reserved 1048576K
}
Event: 3.160 GC heap before
{Heap before GC invocations=3 (full 0):
 PSYoungGen      total 35328K, used 35315K [0x00000000eab00000, 0x00000000ed000000, 0x0000000100000000)
  eden space 32768K, 100% used [0x00000000eab00000,0x00000000ecb00000,0x00000000ecb00000)
  from space 2560K, 99% used [0x00000000ecd80000,0x00000000ecffcd40,0x00000000ed000000)
  to   space 2560K, 0% used [0x00000000ecb00000,0x00000000ecb00000,0x00000000ecd80000)
 ParOldGen       total 44032K, used 3996K [0x00000000c0000000, 0x00000000c2b00000, 0x00000000eab00000)
  object space 44032K, 9% used [0x00000000c0000000,0x00000000c03e7248,0x00000000c2b00000)
 Metaspace       used 6232K, capacity 7064K, committed 7424K, reserved 1056768K
  class space    used 627K, capacity 656K, committed 768K, reserved 1048576K
Event: 3.198 GC heap after
Heap after GC invocations=3 (full 0):
 PSYoungGen      total 35328K, used 2552K [0x00000000eab00000, 0x00000000ef000000, 0x0000000100000000)
  eden space 32768K, 0% used [0x00000000eab00000,0x00000000eab00000,0x00000000ecb00000)
  from space 2560K, 99% used [0x00000000ecb00000,0x00000000ecd7e110,0x00000000ecd80000)
  to   space 2560K, 0% used [0x00000000eed80000,0x00000000eed80000,0x00000000ef000000)
 ParOldGen       total 44032K, used 9890K [0x00000000c0000000, 0x00000000c2b00000, 0x00000000eab00000)
  object space 44032K, 22% used [0x00000000c0000000,0x00000000c09a8828,0x00000000c2b00000)
 Metaspace       used 6232K, capacity 7064K, committed 7424K, reserved 1056768K
  class space    used 627K, capacity 656K, committed 768K, reserved 1048576K
}
Event: 3.563 GC heap before
{Heap before GC invocations=4 (full 0):
 PSYoungGen      total 35328K, used 35320K [0x00000000eab00000, 0x00000000ef000000, 0x0000000100000000)
  eden space 32768K, 100% used [0x00000000eab00000,0x00000000ecb00000,0x00000000ecb00000)
  from space 2560K, 99% used [0x00000000ecb00000,0x00000000ecd7e110,0x00000000ecd80000)
  to   space 2560K, 0% used [0x00000000eed80000,0x00000000eed80000,0x00000000ef000000)
 ParOldGen       total 44032K, used 9890K [0x00000000c0000000, 0x00000000c2b00000, 0x00000000eab00000)
  object space 44032K, 22% used [0x00000000c0000000,0x00000000c09a8828,0x00000000c2b00000)
 Metaspace       used 6285K, capacity 7128K, committed 7424K, reserved 1056768K
  class space    used 627K, capacity 656K, committed 768K, reserved 1048576K
Event: 3.638 GC heap after
Heap after GC invocations=4 (full 0):
 PSYoungGen      total 68096K, used 2528K [0x00000000eab00000, 0x00000000ef000000, 0x0000000100000000)
  eden space 65536K, 0% used [0x00000000eab00000,0x00000000eab00000,0x00000000eeb00000)
  from space 2560K, 98% used [0x00000000eed80000,0x00000000eeff83f0,0x00000000ef000000)
  to   space 2560K, 0% used [0x00000000eeb00000,0x00000000eeb00000,0x00000000eed80000)
 ParOldGen       total 44032K, used 16097K [0x00000000c0000000, 0x00000000c2b00000, 0x00000000eab00000)
  object space 44032K, 36% used [0x00000000c0000000,0x00000000c0fb8578,0x00000000c2b00000)
 Metaspace       used 6285K, capacity 7128K, committed 7424K, reserved 1056768K
  class space    used 627K, capacity 656K, committed 768K, reserved 1048576K
}
Event: 6.237 GC heap before
{Heap before GC invocations=5 (full 0):
 PSYoungGen      total 68096K, used 68064K [0x00000000eab00000, 0x00000000ef000000, 0x0000000100000000)
  eden space 65536K, 100% used [0x00000000eab00000,0x00000000eeb00000,0x00000000eeb00000)
  from space 2560K, 98% used [0x00000000eed80000,0x00000000eeff83f0,0x00000000ef000000)
  to   space 2560K, 0% used [0x00000000eeb00000,0x00000000eeb00000,0x00000000eed80000)
 ParOldGen       total 44032K, used 16097K [0x00000000c0000000, 0x00000000c2b00000, 0x00000000eab00000)
  object space 44032K, 36% used [0x00000000c0000000,0x00000000c0fb8578,0x00000000c2b00000)
 Metaspace       used 6656K, capacity 7416K, committed 7680K, reserved 1056768K
  class space    used 647K, capacity 688K, committed 768K, reserved 1048576K
Event: 8.286 GC heap after
Heap after GC invocations=5 (full 0):
 PSYoungGen      total 68096K, used 2541K [0x00000000eab00000, 0x00000000ef000000, 0x0000000100000000)
  eden space 65536K, 0% used [0x00000000eab00000,0x00000000eab00000,0x00000000eeb00000)
  from space 2560K, 99% used [0x00000000eeb00000,0x00000000eed7b520,0x00000000eed80000)
  to   space 2560K, 0% used [0x00000000eed80000,0x00000000eed80000,0x00000000ef000000)
 ParOldGen       total 44032K, used 22331K [0x00000000c0000000, 0x00000000c2b00000, 0x00000000eab00000)
  object space 44032K, 50% used [0x00000000c0000000,0x00000000c15cef10,0x00000000c2b00000)
 Metaspace       used 6656K, capacity 7416K, committed 7680K, reserved 1056768K
  class space    used 647K, capacity 688K, committed 768K, reserved 1048576K
}

Deoptimization events (10 events):
Event: 4.522 Thread 0x0000000016db5800 Uncommon trap: reason=class_check action=maybe_recompile pc=0x0000000002f914d8 method=java.util.Arrays.hashCode([Ljava/lang/Object;)I @ 43
Event: 4.522 Thread 0x0000000016db5800 Uncommon trap: reason=class_check action=maybe_recompile pc=0x0000000002f914d8 method=java.util.Arrays.hashCode([Ljava/lang/Object;)I @ 43
Event: 4.523 Thread 0x0000000016db5800 Uncommon trap: reason=class_check action=maybe_recompile pc=0x0000000002f914d8 method=java.util.Arrays.hashCode([Ljava/lang/Object;)I @ 43
Event: 4.523 Thread 0x0000000016db5800 Uncommon trap: reason=class_check action=maybe_recompile pc=0x0000000002f914d8 method=java.util.Arrays.hashCode([Ljava/lang/Object;)I @ 43
Event: 4.523 Thread 0x0000000016db5800 Uncommon trap: reason=class_check action=maybe_recompile pc=0x0000000002f69078 method=java.util.Arrays.hashCode([Ljava/lang/Object;)I @ 43
Event: 5.804 Thread 0x0000000016db5800 Uncommon trap: reason=speculate_class_check action=maybe_recompile pc=0x0000000002e73b14 method=com.android.dx.util.FixedSizeList.equals(Ljava/lang/Object;)Z @ 25
Event: 5.807 Thread 0x0000000016db5800 Uncommon trap: reason=speculate_class_check action=maybe_recompile pc=0x0000000002e73b14 method=com.android.dx.util.FixedSizeList.equals(Ljava/lang/Object;)Z @ 25
Event: 5.807 Thread 0x0000000016db5800 Uncommon trap: reason=speculate_class_check action=maybe_recompile pc=0x0000000002e73b14 method=com.android.dx.util.FixedSizeList.equals(Ljava/lang/Object;)Z @ 25
Event: 5.808 Thread 0x0000000016db5800 Uncommon trap: reason=speculate_class_check action=maybe_recompile pc=0x0000000002e73b14 method=com.android.dx.util.FixedSizeList.equals(Ljava/lang/Object;)Z @ 25
Event: 6.135 Thread 0x0000000016db5800 Uncommon trap: reason=unstable_if action=reinterpret pc=0x00000000032be420 method=com.android.dx.dex.code.LocalList$MakeState.filterSpec(Lcom/android/dx/rop/code/RegisterSpec;)Lcom/android/dx/rop/code/RegisterSpec; @ 11

Internal exceptions (7 events):
Event: 0.530 Thread 0x0000000002760800 Exception <a 'java/lang/NoSuchMethodError': Method sun.misc.Unsafe.defineClass(Ljava/lang/String;[BII)Ljava/lang/Class; name or signature does not match> (0x00000000eab07ca8) thrown at [C:\re\workspace\8-2-build-windows-amd64-cygwin\jdk8u121\8372\hotspot\
Event: 0.530 Thread 0x0000000002760800 Exception <a 'java/lang/NoSuchMethodError': Method sun.misc.Unsafe.prefetchRead(Ljava/lang/Object;J)V name or signature does not match> (0x00000000eab07f90) thrown at [C:\re\workspace\8-2-build-windows-amd64-cygwin\jdk8u121\8372\hotspot\src\share\vm\prims
Event: 2.465 Thread 0x0000000002760800 Implicit null exception at 0x0000000002e47e15 to 0x0000000002e497e1
Event: 2.693 Thread 0x0000000002760800 Exception <a 'java/lang/ArrayIndexOutOfBoundsException': 18> (0x00000000eab7a130) thrown at [C:\re\workspace\8-2-build-windows-amd64-cygwin\jdk8u121\8372\hotspot\src\share\vm\interpreter\interpreterRuntime.cpp, line 366]
Event: 2.694 Thread 0x0000000002760800 Exception <a 'java/lang/ArrayIndexOutOfBoundsException': 145> (0x00000000eab7bcb0) thrown at [C:\re\workspace\8-2-build-windows-amd64-cygwin\jdk8u121\8372\hotspot\src\share\vm\interpreter\interpreterRuntime.cpp, line 366]
Event: 2.696 Thread 0x0000000002760800 Exception <a 'java/lang/ArrayIndexOutOfBoundsException'> (0x00000000eab7cf98) thrown at [C:\re\workspace\8-2-build-windows-amd64-cygwin\jdk8u121\8372\hotspot\src\share\vm\runtime\sharedRuntime.cpp, line 605]
Event: 3.031 Thread 0x0000000016dae000 Implicit null exception at 0x0000000002f37d22 to 0x0000000002f37e1a

Events (10 events):
Event: 6.236 Thread 0x0000000016db5800 DEOPT PACKING pc=0x0000000003295f42 sp=0x0000000019eee7f0
Event: 6.236 Thread 0x0000000016db5800 DEOPT UNPACKING pc=0x0000000002b8787f sp=0x0000000019eee5a8 mode 0
Event: 6.237 Executing VM operation: ParallelGCFailedAllocation
Event: 8.286 Executing VM operation: ParallelGCFailedAllocation done
Event: 8.288 Thread 0x0000000016db5800 DEOPT PACKING pc=0x00000000032a576e sp=0x0000000019eee810
Event: 8.288 Thread 0x0000000016db5800 DEOPT UNPACKING pc=0x0000000002b8787f sp=0x0000000019eee5d8 mode 0
Event: 8.310 Thread 0x0000000016db5800 DEOPT PACKING pc=0x0000000003295f42 sp=0x0000000019eee7f0
Event: 9.305 Thread 0x0000000016db5800 DEOPT UNPACKING pc=0x0000000002b8787f sp=0x0000000019eee5a8 mode 0
Event: 9.342 loading class com/android/dx/dex/file/DebugInfoEncoder
Event: 9.342 loading class com/android/dx/dex/file/DebugInfoEncoder done


Dynamic libraries:
0x00007ff775d00000 - 0x00007ff775d37000 	F:\Mine\java\JDK\bin\java.exe
0x00007ffecd640000 - 0x00007ffecd812000 	C:\Windows\SYSTEM32\ntdll.dll
0x00007ffecb2c0000 - 0x00007ffecb36c000 	C:\Windows\System32\KERNEL32.DLL
0x00007ffec9cc0000 - 0x00007ffec9edd000 	C:\Windows\System32\KERNELBASE.dll
0x00007ffecd450000 - 0x00007ffecd4f2000 	C:\Windows\System32\ADVAPI32.dll
0x00007ffecd3b0000 - 0x00007ffecd44e000 	C:\Windows\System32\msvcrt.dll
0x00007ffecb500000 - 0x00007ffecb559000 	C:\Windows\System32\sechost.dll
0x00007ffecb3d0000 - 0x00007ffecb4f1000 	C:\Windows\System32\RPCRT4.dll
0x00007ffecd240000 - 0x00007ffecd3a5000 	C:\Windows\System32\USER32.dll
0x00007ffeca890000 - 0x00007ffeca8ae000 	C:\Windows\System32\win32u.dll
0x00007ffecb0a0000 - 0x00007ffecb0d4000 	C:\Windows\System32\GDI32.dll
0x00007ffec9b40000 - 0x00007ffec9cc0000 	C:\Windows\System32\gdi32full.dll
0x00007ffebd1c0000 - 0x00007ffebd43a000 	C:\Windows\WinSxS\amd64_microsoft.windows.common-controls_6595b64144ccf1df_6.0.14393.953_none_42151e83c686086b\COMCTL32.dll
0x00007ffeccf70000 - 0x00007ffecd238000 	C:\Windows\System32\combase.dll
0x00007ffecaa20000 - 0x00007ffecab15000 	C:\Windows\System32\ucrtbase.dll
0x00007ffeca960000 - 0x00007ffeca9ca000 	C:\Windows\System32\bcryptPrimitives.dll
0x00007ffecabd0000 - 0x00007ffecabfe000 	C:\Windows\System32\IMM32.DLL
0x00007ffec97e0000 - 0x00007ffec98cb000 	C:\Windows\system32\guard64.dll
0x00007ffec97d0000 - 0x00007ffec97da000 	C:\Windows\system32\version.dll
0x00007ffecd500000 - 0x00007ffecd638000 	C:\Windows\System32\ole32.dll
0x00007ffec97c0000 - 0x00007ffec97ca000 	C:\Windows\system32\fltlib.dll
0x00007ffec9780000 - 0x00007ffec97b2000 	C:\Windows\SYSTEM32\ntmarta.dll
0x0000000069770000 - 0x0000000069842000 	F:\Mine\java\JDK\jre\bin\msvcr100.dll
0x0000000068ed0000 - 0x000000006976b000 	F:\Mine\java\JDK\jre\bin\server\jvm.dll
0x00007ffeccdc0000 - 0x00007ffeccdc8000 	C:\Windows\System32\PSAPI.DLL
0x00007ffebb330000 - 0x00007ffebb339000 	C:\Windows\SYSTEM32\WSOCK32.dll
0x00007ffecb7c0000 - 0x00007ffecb82a000 	C:\Windows\System32\WS2_32.dll
0x00007ffec76a0000 - 0x00007ffec76c3000 	C:\Windows\SYSTEM32\WINMM.dll
0x00007ffec7640000 - 0x00007ffec766b000 	C:\Windows\SYSTEM32\WINMMBASE.dll
0x00007ffeca9d0000 - 0x00007ffecaa12000 	C:\Windows\System32\cfgmgr32.dll
0x0000000068ec0000 - 0x0000000068ecf000 	F:\Mine\java\JDK\jre\bin\verify.dll
0x0000000068e90000 - 0x0000000068eb9000 	F:\Mine\java\JDK\jre\bin\java.dll
0x0000000068e70000 - 0x0000000068e86000 	F:\Mine\java\JDK\jre\bin\zip.dll
0x00007ffecb8b0000 - 0x00007ffeccdb8000 	C:\Windows\System32\SHELL32.dll
0x00007ffeca1b0000 - 0x00007ffeca888000 	C:\Windows\System32\windows.storage.dll
0x00007ffec9ac0000 - 0x00007ffec9b0c000 	C:\Windows\System32\powrprof.dll
0x00007ffecb370000 - 0x00007ffecb3c2000 	C:\Windows\System32\shlwapi.dll
0x00007ffec9b30000 - 0x00007ffec9b3f000 	C:\Windows\System32\kernel.appcore.dll
0x00007ffeca8b0000 - 0x00007ffeca959000 	C:\Windows\System32\shcore.dll
0x00007ffec9b10000 - 0x00007ffec9b24000 	C:\Windows\System32\profapi.dll

VM Arguments:
jvm_args: -Djava.awt.headless=true -Xmx1024M -Dfile.encoding=windows-1251 -Duser.country=RU -Duser.language=ru -Duser.variant 
java_command: com.android.dx.command.Main --dex --force-jumbo --num-threads=4 --multi-dex --output F:\Mine\java\projects\Graphik\MyGrafik\app\build\intermediates\transforms\dex\debug\folders\1000\10\com.android.support-support-core-ui-25.0.1_fe0077bab3dc0311cc348dcbfd55339de000ceaa F:\Mine\java\projects\Graphik\MyGrafik\app\build\intermediates\exploded-aar\com.android.support\support-core-ui\25.0.1\jars\classes.jar
java_class_path (initial): F:\Mine\java\SDK\build-tools\25.0.2\lib\dx.jar
Launcher Type: SUN_STANDARD

Environment Variables:
PATH=C:\ProgramData\Oracle\Java\javapath;C:\Windows\system32;C:\Windows;C:\Windows\System32\Wbem;C:\Windows\System32\WindowsPowerShell\v1.0\;C:\Program Files (x86)\Skype\Phone\;C:\Program Files (x86)\GtkSharp\2.12\bin;C:\Users\User\AppData\Local\Microsoft\WindowsApps;
USERNAME=User
OS=Windows_NT
PROCESSOR_IDENTIFIER=Intel64 Family 6 Model 61 Stepping 4, GenuineIntel



---------------  S Y S T E M  ---------------

OS: Windows 10.0 , 64 bit Build 14393 (10.0.14393.1198)

CPU:total 4 (2 cores per cpu, 2 threads per core) family 6 model 61 stepping 4, cmov, cx8, fxsr, mmx, sse, sse2, sse3, ssse3, sse4.1, sse4.2, popcnt, avx, avx2, aes, clmul, erms, 3dnowpref, lzcnt, ht, tsc, tscinvbit, bmi1, bmi2, adx

Memory: 4k page, physical 4107596k(857156k free), swap 5287244k(5964k free)

vm_info: Java HotSpot(TM) 64-Bit Server VM (25.121-b13) for windows-amd64 JRE (1.8.0_121-b13), built on Dec 12 2016 18:21:36 by "java_re" with MS VC++ 10.0 (VS2010)

time: Tue Nov 21 22:57:43 2017
elapsed time: 13 seconds (0d 0h 0m 13s)

